TN:
SF:server.js
FNF:0
FNH:0
DA:1,1
DA:2,1
DA:3,1
DA:4,1
DA:5,1
DA:6,1
DA:7,1
DA:8,1
DA:9,1
DA:10,1
DA:11,1
DA:12,1
DA:13,1
DA:14,1
LF:14
LH:14
BRDA:12,0,0,1
BRF:1
BRH:1
end_of_record
TN:
SF:config\Mailer.js
FNF:0
FNH:0
DA:1,1
DA:2,1
DA:3,1
DA:4,1
DA:5,1
DA:6,1
DA:7,1
DA:8,1
DA:9,1
DA:10,1
DA:11,1
DA:12,1
DA:13,1
DA:14,1
LF:14
LH:14
BRF:0
BRH:0
end_of_record
TN:
SF:config\authentication.js
FNF:0
FNH:0
DA:1,1
DA:2,1
DA:3,1
DA:4,1
DA:5,1
DA:6,1
DA:7,1
DA:8,1
DA:9,1
DA:10,1
DA:11,1
DA:12,1
DA:13,1
DA:14,1
DA:15,1
DA:16,1
DA:17,1
DA:18,1
DA:19,1
DA:20,1
DA:21,1
DA:22,1
LF:22
LH:22
BRF:0
BRH:0
end_of_record
TN:
SF:config\compiler.js
FNF:0
FNH:0
DA:1,1
DA:2,1
DA:3,1
DA:4,1
DA:5,1
DA:6,1
DA:7,1
DA:8,1
DA:9,1
DA:10,1
DA:11,1
DA:12,1
DA:13,1
DA:14,1
DA:15,1
DA:16,1
DA:17,1
DA:18,1
DA:19,1
DA:20,1
DA:21,1
DA:22,1
DA:23,1
DA:24,1
DA:25,1
DA:26,1
DA:27,1
DA:28,1
DA:29,1
DA:30,1
DA:31,1
DA:32,1
DA:33,1
DA:34,1
DA:35,1
DA:36,1
DA:37,1
DA:38,1
DA:39,1
DA:40,1
DA:41,1
DA:42,1
DA:43,1
DA:44,1
DA:45,1
DA:46,1
DA:47,1
DA:48,1
DA:49,1
DA:50,1
DA:51,1
DA:52,1
DA:53,1
DA:54,1
DA:55,1
DA:56,1
DA:57,1
DA:58,1
DA:59,1
DA:60,1
DA:61,1
DA:62,1
DA:63,1
DA:64,1
DA:65,1
DA:66,1
DA:67,1
DA:68,1
DA:69,1
DA:70,1
DA:71,1
DA:72,1
DA:73,1
DA:74,1
DA:75,1
DA:76,1
DA:77,1
DA:78,1
DA:79,1
DA:80,1
DA:81,1
DA:82,1
DA:83,1
DA:84,1
DA:85,1
DA:86,1
DA:87,1
DA:88,1
DA:89,1
DA:90,1
LF:90
LH:90
BRF:0
BRH:0
end_of_record
TN:
SF:config\container.js
FN:1,Object.<anonymous>
FNF:1
FNH:1
FNDA:1,Object.<anonymous>
DA:1,1
DA:2,1
DA:3,1
DA:4,1
DA:5,1
DA:6,1
DA:7,1
DA:8,1
DA:9,1
DA:10,1
DA:11,1
DA:12,1
DA:13,1
DA:14,1
DA:15,1
DA:16,1
DA:17,1
DA:18,1
DA:19,1
DA:20,1
DA:21,1
DA:22,1
DA:23,1
DA:24,1
DA:25,1
DA:26,1
DA:27,1
DA:28,1
DA:29,1
DA:30,1
DA:31,1
DA:32,1
DA:33,1
DA:34,1
DA:35,1
DA:36,1
DA:37,1
DA:38,1
DA:39,1
DA:40,1
DA:41,1
DA:42,1
DA:43,1
DA:44,1
DA:45,1
DA:46,1
DA:47,1
DA:48,1
DA:49,1
DA:50,1
DA:51,1
DA:52,1
DA:53,1
DA:54,1
DA:55,1
DA:56,1
DA:57,1
DA:58,1
DA:59,1
DA:60,1
DA:61,1
DA:62,1
DA:63,1
DA:64,1
DA:65,1
DA:66,1
LF:66
LH:66
BRDA:1,0,0,1
BRDA:1,1,0,1
BRF:2
BRH:2
end_of_record
TN:
SF:config\cors.js
FNF:0
FNH:0
DA:1,1
DA:2,1
DA:3,1
DA:4,1
DA:5,1
DA:6,1
DA:7,1
DA:8,1
DA:9,1
DA:10,1
LF:10
LH:10
BRF:0
BRH:0
end_of_record
TN:
SF:config\database.js
FNF:0
FNH:0
DA:1,1
DA:2,1
DA:3,1
DA:4,1
DA:5,1
DA:6,1
DA:7,1
DA:8,1
DA:9,1
DA:10,1
DA:11,1
DA:12,1
DA:13,1
DA:14,1
DA:15,1
DA:16,1
DA:17,1
DA:18,1
DA:19,1
DA:20,1
DA:21,1
DA:22,1
DA:23,1
DA:24,1
DA:25,1
DA:26,1
DA:27,1
DA:28,1
DA:29,1
DA:30,1
DA:31,1
DA:32,1
DA:33,1
DA:34,1
DA:35,1
DA:36,1
DA:37,1
DA:38,1
DA:39,1
DA:40,1
DA:41,1
DA:42,1
DA:43,1
DA:44,1
DA:45,1
DA:46,1
DA:47,1
DA:48,1
DA:49,1
DA:50,1
DA:51,1
DA:52,1
DA:53,1
DA:54,1
DA:55,1
DA:56,1
DA:57,1
DA:58,1
DA:59,1
DA:60,1
DA:61,1
LF:61
LH:61
BRF:0
BRH:0
end_of_record
TN:
SF:config\error-responses.js
FNF:0
FNH:0
DA:1,1
DA:2,1
DA:3,1
DA:4,1
DA:5,1
DA:6,1
DA:7,1
DA:8,1
DA:9,1
DA:10,1
DA:11,1
DA:12,1
DA:13,1
LF:13
LH:13
BRF:0
BRH:0
end_of_record
TN:
SF:config\events.js
FN:35,afterEmit
FNF:1
FNH:0
FNDA:0,afterEmit
DA:1,1
DA:2,1
DA:3,1
DA:4,1
DA:5,1
DA:6,1
DA:7,1
DA:8,1
DA:9,1
DA:10,1
DA:11,1
DA:12,1
DA:13,1
DA:14,1
DA:15,1
DA:16,1
DA:17,1
DA:18,1
DA:19,1
DA:20,1
DA:21,1
DA:22,1
DA:23,1
DA:24,1
DA:25,1
DA:26,1
DA:27,1
DA:28,1
DA:29,1
DA:30,1
DA:31,1
DA:32,1
DA:33,1
DA:34,1
DA:35,1
DA:36,0
DA:37,0
DA:38,1
LF:38
LH:36
BRF:0
BRH:0
end_of_record
TN:
SF:config\server.js
FNF:0
FNH:0
DA:1,1
DA:2,1
DA:3,1
DA:4,1
DA:5,1
DA:6,1
DA:7,1
DA:8,1
DA:9,1
DA:10,1
DA:11,1
DA:12,1
DA:13,1
DA:14,1
DA:15,1
DA:16,1
DA:17,1
DA:18,1
DA:19,1
DA:20,1
DA:21,1
DA:22,1
DA:23,1
DA:24,1
DA:25,1
DA:26,1
DA:27,1
DA:28,1
DA:29,1
DA:30,1
DA:31,1
DA:32,1
DA:33,1
DA:34,1
DA:35,1
DA:36,1
DA:37,1
DA:38,1
DA:39,1
DA:40,1
DA:41,1
DA:42,1
DA:43,1
DA:44,1
LF:44
LH:44
BRF:0
BRH:0
end_of_record
TN:
SF:config\storage.js
FNF:0
FNH:0
DA:1,1
DA:2,1
DA:3,1
DA:4,1
DA:5,1
DA:6,1
DA:7,1
DA:8,1
DA:9,1
DA:10,1
DA:11,1
DA:12,1
DA:13,1
DA:14,1
DA:15,1
DA:16,1
LF:16
LH:16
BRF:0
BRH:0
end_of_record
TN:
SF:container\Models\Conversions.js
FN:2,Object.<anonymous>
FN:32,Object.<anonymous>.ConversionsSchema.methods.toJSON
FNF:2
FNH:2
FNDA:1,Object.<anonymous>
FNDA:21,Object.<anonymous>.ConversionsSchema.methods.toJSON
DA:1,1
DA:2,1
DA:3,1
DA:4,1
DA:5,1
DA:6,1
DA:7,1
DA:8,1
DA:9,1
DA:10,1
DA:11,1
DA:12,1
DA:13,1
DA:14,1
DA:15,1
DA:16,1
DA:17,1
DA:18,1
DA:19,1
DA:20,1
DA:21,1
DA:22,1
DA:23,1
DA:24,1
DA:25,1
DA:26,1
DA:27,1
DA:28,1
DA:29,1
DA:30,1
DA:31,1
DA:32,1
DA:33,21
DA:34,21
DA:35,21
DA:36,21
DA:37,21
DA:38,1
DA:39,1
LF:39
LH:39
BRDA:2,0,0,1
BRDA:2,1,0,1
BRDA:32,2,0,21
BRF:3
BRH:3
end_of_record
TN:
SF:container\Models\User.js
FN:1,Object.<anonymous>
FN:19,validate
FN:31,validate
FN:58,Object.<anonymous>.UserSchema.methods.toJSON
FN:68,Object.<anonymous>.UserSchema.methods.generateAuthToken
FN:74,Object.<anonymous>.UserSchema.statics.findByCredentials
FNF:6
FNH:1
FNDA:1,Object.<anonymous>
FNDA:0,validate
FNDA:0,validate
FNDA:0,Object.<anonymous>.UserSchema.methods.toJSON
FNDA:0,Object.<anonymous>.UserSchema.methods.generateAuthToken
FNDA:0,Object.<anonymous>.UserSchema.statics.findByCredentials
DA:1,1
DA:2,1
DA:3,1
DA:4,1
DA:5,1
DA:6,1
DA:7,1
DA:8,1
DA:9,1
DA:10,1
DA:11,1
DA:12,1
DA:13,1
DA:14,1
DA:15,1
DA:16,1
DA:17,1
DA:18,1
DA:19,1
DA:20,0
DA:21,0
DA:22,0
DA:23,1
DA:24,1
DA:25,1
DA:26,1
DA:27,1
DA:28,1
DA:29,1
DA:30,1
DA:31,1
DA:32,0
DA:33,0
DA:34,0
DA:35,1
DA:36,1
DA:37,1
DA:38,1
DA:39,1
DA:40,1
DA:41,1
DA:42,1
DA:43,1
DA:44,1
DA:45,1
DA:46,1
DA:47,1
DA:48,1
DA:49,1
DA:50,1
DA:51,1
DA:52,1
DA:53,1
DA:54,1
DA:55,1
DA:56,1
DA:57,1
DA:58,1
DA:59,0
DA:60,0
DA:61,0
DA:62,0
DA:63,0
DA:64,0
DA:65,0
DA:66,0
DA:67,1
DA:68,1
DA:69,0
DA:70,0
DA:71,0
DA:72,0
DA:73,1
DA:74,1
DA:75,0
DA:76,0
DA:77,0
DA:78,0
DA:79,0
DA:80,0
DA:81,0
DA:82,0
DA:83,0
DA:84,0
DA:85,1
DA:86,1
DA:87,0
DA:88,0
DA:89,0
DA:90,0
DA:91,0
DA:92,1
DA:93,1
DA:94,1
DA:95,1
LF:95
LH:62
BRDA:1,0,0,1
BRDA:1,1,0,1
BRF:2
BRH:2
end_of_record
TN:
SF:container\controllers\ChasiController.js
FN:2,Object.<anonymous>
FN:11,create
FN:20,index
FN:37,welcome
FN:54,delete
FN:63,update
FNF:6
FNH:1
FNDA:1,Object.<anonymous>
FNDA:0,create
FNDA:0,index
FNDA:0,welcome
FNDA:0,delete
FNDA:0,update
DA:1,1
DA:2,1
DA:3,1
DA:4,1
DA:5,1
DA:6,1
DA:7,1
DA:8,1
DA:9,1
DA:10,1
DA:11,1
DA:12,0
DA:13,0
DA:14,1
DA:15,1
DA:16,1
DA:17,1
DA:18,1
DA:19,1
DA:20,1
DA:21,0
DA:22,0
DA:23,0
DA:24,0
DA:25,0
DA:26,0
DA:27,0
DA:28,0
DA:29,0
DA:30,0
DA:31,1
DA:32,1
DA:33,1
DA:34,1
DA:35,1
DA:36,1
DA:37,1
DA:38,0
DA:39,0
DA:40,0
DA:41,0
DA:42,0
DA:43,0
DA:44,0
DA:45,0
DA:46,0
DA:47,0
DA:48,1
DA:49,1
DA:50,1
DA:51,1
DA:52,1
DA:53,1
DA:54,1
DA:55,0
DA:56,0
DA:57,1
DA:58,1
DA:59,1
DA:60,1
DA:61,1
DA:62,1
DA:63,1
DA:64,0
DA:65,0
DA:66,0
DA:67,1
DA:68,1
DA:69,1
LF:69
LH:42
BRDA:2,0,0,1
BRDA:2,1,0,1
BRF:2
BRH:2
end_of_record
TN:
SF:container\controllers\ConversionController.js
FN:2,Object.<anonymous>
FN:6,get conversion
FN:10,get Transformer
FN:14,get conversion_model
FN:24,convert
FN:38,recent
FN:53,top
FNF:7
FNH:7
FNDA:1,Object.<anonymous>
FNDA:1,get conversion
FNDA:3,get Transformer
FNDA:2,get conversion_model
FNDA:1,convert
FNDA:1,recent
FNDA:1,top
DA:1,1
DA:2,1
DA:3,1
DA:4,1
DA:5,1
DA:6,1
DA:7,1
DA:8,1
DA:9,1
DA:10,1
DA:11,3
DA:12,3
DA:13,1
DA:14,1
DA:15,2
DA:16,2
DA:17,1
DA:18,1
DA:19,1
DA:20,1
DA:21,1
DA:22,1
DA:23,1
DA:24,1
DA:25,1
DA:26,1
DA:27,1
DA:28,1
DA:29,1
DA:30,1
DA:31,1
DA:32,1
DA:33,1
DA:34,1
DA:35,1
DA:36,1
DA:37,1
DA:38,1
DA:39,1
DA:40,1
DA:41,1
DA:42,1
DA:43,1
DA:44,1
DA:45,1
DA:46,1
DA:47,1
DA:48,1
DA:49,1
DA:50,1
DA:51,1
DA:52,1
DA:53,1
DA:54,1
DA:55,1
DA:56,1
DA:57,1
DA:58,1
DA:59,1
DA:60,1
DA:61,1
LF:61
LH:61
BRDA:2,0,0,1
BRDA:2,1,0,1
BRDA:6,2,0,1
BRDA:10,3,0,3
BRDA:14,4,0,2
BRDA:24,5,0,1
BRDA:38,6,0,1
BRDA:53,7,0,1
BRF:8
BRH:8
end_of_record
TN:
SF:container\controllers\UserController.js
FN:1,Object.<anonymous>
FN:9,<static_fields_initializer>
FNF:2
FNH:2
FNDA:1,Object.<anonymous>
FNDA:1,<static_fields_initializer>
DA:1,1
DA:2,1
DA:3,1
DA:4,1
DA:5,1
DA:6,1
DA:7,1
DA:8,1
DA:9,1
DA:10,1
DA:11,1
DA:12,1
DA:13,1
LF:13
LH:13
BRDA:1,0,0,1
BRDA:1,1,0,1
BRDA:9,2,0,1
BRF:3
BRH:3
end_of_record
TN:
SF:container\events\AuthorizedEvent.js
FN:1,Object.<anonymous>
FN:11,validate
FN:22,fire
FNF:3
FNH:1
FNDA:1,Object.<anonymous>
FNDA:0,validate
FNDA:0,fire
DA:1,1
DA:2,1
DA:3,1
DA:4,1
DA:5,1
DA:6,1
DA:7,1
DA:8,1
DA:9,1
DA:10,1
DA:11,1
DA:12,0
DA:13,0
DA:14,1
DA:15,1
DA:16,1
DA:17,1
DA:18,1
DA:19,1
DA:20,1
DA:21,1
DA:22,1
DA:23,0
DA:24,0
DA:25,0
DA:26,1
DA:27,1
DA:28,1
LF:28
LH:23
BRDA:1,0,0,1
BRDA:1,1,0,1
BRF:2
BRH:2
end_of_record
TN:
SF:container\events\BuildCompiler.js
FN:1,Object.<anonymous>
FN:12,validate
FN:23,fire
FNF:3
FNH:1
FNDA:1,Object.<anonymous>
FNDA:0,validate
FNDA:0,fire
DA:1,1
DA:2,1
DA:3,1
DA:4,1
DA:5,1
DA:6,1
DA:7,1
DA:8,1
DA:9,1
DA:10,1
DA:11,1
DA:12,1
DA:13,0
DA:14,0
DA:15,1
DA:16,1
DA:17,1
DA:18,1
DA:19,1
DA:20,1
DA:21,1
DA:22,1
DA:23,1
DA:24,0
DA:25,0
DA:26,1
DA:27,1
DA:28,1
LF:28
LH:24
BRDA:1,0,0,1
BRDA:1,1,0,1
BRF:2
BRH:2
end_of_record
TN:
SF:container\events\ConversionEvent.js
FN:2,Object.<anonymous>
FN:13,validate
FN:25,fire
FNF:3
FNH:1
FNDA:1,Object.<anonymous>
FNDA:0,validate
FNDA:0,fire
DA:1,1
DA:2,1
DA:3,1
DA:4,1
DA:5,1
DA:6,1
DA:7,1
DA:8,1
DA:9,1
DA:10,1
DA:11,1
DA:12,1
DA:13,1
DA:14,0
DA:15,0
DA:16,0
DA:17,1
DA:18,1
DA:19,1
DA:20,1
DA:21,1
DA:22,1
DA:23,1
DA:24,1
DA:25,1
DA:26,0
DA:27,0
DA:28,0
DA:29,1
DA:30,1
DA:31,1
LF:31
LH:25
BRDA:2,0,0,1
BRDA:2,1,0,1
BRF:2
BRH:2
end_of_record
TN:
SF:container\middlewares\conversion-limit.mw.js
FN:2,Object.<anonymous>
FN:13,Object.<anonymous>.module.exports
FNF:2
FNH:2
FNDA:1,Object.<anonymous>
FNDA:2,Object.<anonymous>.module.exports
DA:1,1
DA:2,1
DA:3,1
DA:4,1
DA:5,1
DA:6,1
DA:7,1
DA:8,1
DA:9,1
DA:10,1
DA:11,1
DA:12,1
DA:13,1
DA:14,2
DA:15,2
DA:16,2
DA:17,1
DA:18,2
DA:19,2
DA:20,2
LF:20
LH:20
BRDA:2,0,0,1
BRDA:2,1,0,1
BRDA:13,2,0,2
BRDA:16,3,0,1
BRDA:16,4,0,1
BRDA:18,5,0,0
BRF:6
BRH:5
end_of_record
TN:
SF:container\middlewares\conversion-types.mw.js
FN:2,Object.<anonymous>
FN:16,Object.<anonymous>.module.exports
FNF:2
FNH:2
FNDA:1,Object.<anonymous>
FNDA:5,Object.<anonymous>.module.exports
DA:1,1
DA:2,1
DA:3,1
DA:4,1
DA:5,1
DA:6,1
DA:7,1
DA:8,1
DA:9,1
DA:10,1
DA:11,1
DA:12,1
DA:13,1
DA:14,1
DA:15,1
DA:16,1
DA:17,5
DA:18,5
DA:19,4
DA:20,5
LF:20
LH:20
BRDA:2,0,0,1
BRDA:2,1,0,1
BRDA:16,2,0,5
BRDA:18,3,0,1
BRDA:19,4,0,4
BRDA:18,5,0,5
BRF:6
BRH:6
end_of_record
TN:
SF:container\middlewares\default-item-limit.mw.js
FN:1,Object.<anonymous>
FN:11,Object.<anonymous>.module.exports
FNF:2
FNH:2
FNDA:1,Object.<anonymous>
FNDA:2,Object.<anonymous>.module.exports
DA:1,1
DA:2,1
DA:3,1
DA:4,1
DA:5,1
DA:6,1
DA:7,1
DA:8,1
DA:9,1
DA:10,1
DA:11,1
DA:12,2
DA:13,2
DA:14,2
LF:14
LH:14
BRDA:1,0,0,1
BRDA:1,1,0,1
BRDA:11,2,0,2
BRF:3
BRH:3
end_of_record
TN:
SF:container\middlewares\userSession.mw.js
FN:1,Object.<anonymous>
FN:3,Object.<anonymous>.module.exports
FNF:2
FNH:1
FNDA:1,Object.<anonymous>
FNDA:0,Object.<anonymous>.module.exports
DA:1,1
DA:2,1
DA:3,1
DA:4,0
DA:5,0
DA:6,0
DA:7,0
DA:8,0
DA:9,0
DA:10,0
LF:10
LH:3
BRDA:1,0,0,1
BRDA:1,1,0,1
BRF:2
BRH:2
end_of_record
TN:
SF:container\modules\AppSession\index.js
FN:2,Object.<anonymous>
FN:3,<static_fields_initializer>
FN:5,AppSession
FN:16,getSocket
FN:20,setConference
FN:24,initiateSocket
FN:30,readLogs
FN:34,writeLogs
FN:38,writeLog
FNF:9
FNH:2
FNDA:1,Object.<anonymous>
FNDA:1,<static_fields_initializer>
FNDA:0,AppSession
FNDA:0,getSocket
FNDA:0,setConference
FNDA:0,initiateSocket
FNDA:0,readLogs
FNDA:0,writeLogs
FNDA:0,writeLog
DA:1,1
DA:2,1
DA:3,1
DA:4,1
DA:5,1
DA:6,0
DA:7,0
DA:8,0
DA:9,0
DA:10,0
DA:11,0
DA:12,0
DA:13,0
DA:14,0
DA:15,1
DA:16,1
DA:17,0
DA:18,0
DA:19,1
DA:20,1
DA:21,0
DA:22,0
DA:23,1
DA:24,1
DA:25,0
DA:26,0
DA:27,0
DA:28,1
DA:29,1
DA:30,1
DA:31,0
DA:32,0
DA:33,1
DA:34,1
DA:35,0
DA:36,0
DA:37,1
DA:38,1
DA:39,0
DA:40,0
DA:41,1
DA:42,1
DA:43,1
LF:43
LH:21
BRDA:2,0,0,1
BRDA:2,1,0,1
BRDA:3,2,0,1
BRF:3
BRH:3
end_of_record
TN:
SF:container\modules\ConversionModule\index.js
FN:1,Object.<anonymous>
FN:5,<static_fields_initializer>
FN:10,ConversionModule
FN:19,convert
FN:24,checkEntry
FN:30,update
FN:35,save
FN:40,init
FNF:8
FNH:7
FNDA:1,Object.<anonymous>
FNDA:1,<static_fields_initializer>
FNDA:1,ConversionModule
FNDA:1,convert
FNDA:1,checkEntry
FNDA:0,update
FNDA:1,save
FNDA:1,init
DA:1,1
DA:2,1
DA:3,1
DA:4,1
DA:5,1
DA:6,1
DA:7,1
DA:8,1
DA:9,1
DA:10,1
DA:11,1
DA:12,1
DA:13,1
DA:14,1
DA:15,1
DA:16,1
DA:17,1
DA:18,1
DA:19,1
DA:20,1
DA:21,1
DA:22,1
DA:23,1
DA:24,1
DA:25,1
DA:26,1
DA:27,0
DA:28,1
DA:29,1
DA:30,1
DA:31,0
DA:32,0
DA:33,0
DA:34,1
DA:35,1
DA:36,1
DA:37,1
DA:38,1
DA:39,1
DA:40,1
DA:41,1
DA:42,1
DA:43,1
DA:44,1
DA:45,1
LF:45
LH:41
BRDA:1,0,0,1
BRDA:1,1,0,1
BRDA:5,2,0,1
BRDA:10,3,0,1
BRDA:19,4,0,1
BRDA:24,5,0,1
BRDA:27,6,0,0
BRDA:35,7,0,1
BRDA:40,8,0,1
BRF:9
BRH:8
end_of_record
TN:
SF:container\modules\ConversionModule\types\Roman.js
FN:1,Object.<anonymous>
FN:2,<static_fields_initializer>
FN:18,convert
FNF:3
FNH:3
FNDA:1,Object.<anonymous>
FNDA:1,<static_fields_initializer>
FNDA:1,convert
DA:1,1
DA:2,1
DA:3,1
DA:4,1
DA:5,1
DA:6,1
DA:7,1
DA:8,1
DA:9,1
DA:10,1
DA:11,1
DA:12,1
DA:13,1
DA:14,1
DA:15,1
DA:16,1
DA:17,1
DA:18,1
DA:19,1
DA:20,1
DA:21,13
DA:22,6
DA:23,6
DA:24,6
DA:25,13
DA:26,1
DA:27,1
DA:28,1
LF:28
LH:28
BRDA:1,0,0,1
BRDA:1,1,0,1
BRDA:2,2,0,1
BRDA:18,3,0,1
BRDA:20,4,0,13
BRDA:21,5,0,6
BRF:6
BRH:6
end_of_record
TN:
SF:container\modules\FileManager\index.js
FN:1,Object.<anonymous>
FN:8,<static_fields_initializer>
FN:11,FileManager
FN:15,spread
FN:19,init
FNF:5
FNH:4
FNDA:1,Object.<anonymous>
FNDA:1,<static_fields_initializer>
FNDA:1,FileManager
FNDA:0,spread
FNDA:1,init
DA:1,1
DA:2,1
DA:3,1
DA:4,1
DA:5,1
DA:6,1
DA:7,1
DA:8,1
DA:9,1
DA:10,1
DA:11,1
DA:12,1
DA:13,1
DA:14,1
DA:15,1
DA:16,0
DA:17,0
DA:18,1
DA:19,1
DA:20,1
DA:21,1
DA:22,1
DA:23,1
DA:24,1
LF:24
LH:22
BRDA:1,0,0,1
BRDA:1,1,0,1
BRDA:8,2,0,1
BRDA:11,3,0,1
BRDA:19,4,0,1
BRF:5
BRH:5
end_of_record
TN:
SF:container\modules\Transformer\DataTransformer.js
FN:1,Object.<anonymous>
FN:2,DataTransformer
FN:6,transform
FN:14,include
FN:20,exclude
FN:28,pick
FNF:6
FNH:6
FNDA:1,Object.<anonymous>
FNDA:3,DataTransformer
FNDA:3,transform
FNDA:1,include
FNDA:1,exclude
FNDA:21,pick
DA:1,1
DA:2,1
DA:3,3
DA:4,3
DA:5,1
DA:6,1
DA:7,3
DA:8,2
DA:9,2
DA:10,1
DA:11,3
DA:12,3
DA:13,1
DA:14,1
DA:15,1
DA:16,0
DA:17,1
DA:18,1
DA:19,1
DA:20,1
DA:21,1
DA:22,0
DA:23,0
DA:24,1
DA:25,1
DA:26,1
DA:27,1
DA:28,1
DA:29,21
DA:30,21
DA:31,168
DA:32,21
DA:33,94
DA:34,94
DA:35,21
DA:36,21
DA:37,1
DA:38,1
DA:39,1
DA:40,1
LF:40
LH:37
BRDA:1,0,0,1
BRDA:1,1,0,1
BRDA:2,2,0,3
BRDA:6,3,0,3
BRDA:7,4,0,2
BRDA:10,5,0,1
BRDA:8,6,0,20
BRDA:14,7,0,1
BRDA:16,8,0,0
BRDA:20,9,0,1
BRDA:21,10,0,0
BRDA:24,11,0,4
BRDA:28,12,0,21
BRDA:30,13,0,168
BRDA:32,14,0,94
BRF:15
BRH:13
end_of_record
TN:
SF:container\modules\Transformer\index.js
FN:2,Object.<anonymous>
FN:5,<static_fields_initializer>
FN:9,initialize
FNF:3
FNH:3
FNDA:1,Object.<anonymous>
FNDA:1,<static_fields_initializer>
FNDA:3,initialize
DA:1,1
DA:2,1
DA:3,1
DA:4,1
DA:5,1
DA:6,1
DA:7,1
DA:8,1
DA:9,1
DA:10,3
DA:11,3
DA:12,1
DA:13,1
DA:14,1
LF:14
LH:14
BRDA:2,0,0,1
BRDA:2,1,0,1
BRDA:5,2,0,1
BRDA:9,3,0,3
BRF:4
BRH:4
end_of_record
TN:
SF:container\modules\Transformer\transformers\ConversionTransformer.js
FN:1,Object.<anonymous>
FN:4,ConversionTransformer
FNF:2
FNH:2
FNDA:1,Object.<anonymous>
FNDA:3,ConversionTransformer
DA:1,1
DA:2,1
DA:3,1
DA:4,1
DA:5,3
DA:6,3
DA:7,3
DA:8,3
DA:9,1
DA:10,1
LF:10
LH:10
BRDA:1,0,0,1
BRDA:1,1,0,1
BRDA:4,2,0,3
BRF:3
BRH:3
end_of_record
TN:
SF:container\routes\channels\user.js
FN:1,Object.<anonymous>
FN:1,Object.<anonymous>.module.exports
FNF:2
FNH:1
FNDA:1,Object.<anonymous>
FNDA:0,Object.<anonymous>.module.exports
DA:1,1
DA:2,0
DA:3,0
DA:4,0
DA:5,0
LF:5
LH:1
BRDA:1,0,0,1
BRDA:1,1,0,1
BRF:2
BRH:2
end_of_record
TN:
SF:container\routes\http\api.js
FN:1,Object.<anonymous>
FN:4,Object.<anonymous>.module.exports
FNF:2
FNH:2
FNDA:1,Object.<anonymous>
FNDA:1,Object.<anonymous>.module.exports
DA:1,1
DA:2,1
DA:3,1
DA:4,1
DA:5,1
DA:6,1
DA:7,1
DA:8,1
DA:9,1
DA:10,1
DA:11,1
DA:12,1
DA:13,1
DA:14,1
DA:15,1
DA:16,1
DA:17,1
DA:18,1
DA:19,1
DA:20,1
DA:21,1
DA:22,1
DA:23,1
DA:24,1
DA:25,1
DA:26,1
DA:27,1
DA:28,1
LF:28
LH:28
BRDA:1,0,0,1
BRDA:1,1,0,1
BRDA:4,2,0,1
BRDA:16,3,0,1
BRDA:17,4,0,1
BRF:5
BRH:5
end_of_record
TN:
SF:container\services\AuthServiceProvider.js
FN:1,Object.<anonymous>
FN:2,boot
FNF:2
FNH:2
FNDA:1,Object.<anonymous>
FNDA:1,boot
DA:1,1
DA:2,1
DA:3,1
DA:4,1
DA:5,1
DA:6,1
LF:6
LH:6
BRDA:1,0,0,1
BRDA:1,1,0,1
BRDA:2,2,0,1
BRF:3
BRH:3
end_of_record
TN:
SF:container\services\ConversionServiceProvider.js
FN:1,Object.<anonymous>
FN:4,boot
FNF:2
FNH:2
FNDA:1,Object.<anonymous>
FNDA:1,boot
DA:1,1
DA:2,1
DA:3,1
DA:4,1
DA:5,1
DA:6,1
DA:7,1
DA:8,1
DA:9,1
LF:9
LH:9
BRDA:1,0,0,1
BRDA:1,1,0,1
BRDA:4,2,0,1
BRF:3
BRH:3
end_of_record
TN:
SF:container\services\RouterServiceProvider.js
FN:1,Object.<anonymous>
FN:4,boot
FNF:2
FNH:2
FNDA:1,Object.<anonymous>
FNDA:1,boot
DA:1,1
DA:2,1
DA:3,1
DA:4,1
DA:5,1
DA:6,1
DA:7,1
DA:8,1
DA:9,1
DA:10,1
DA:11,1
DA:12,1
DA:13,1
DA:14,1
DA:15,1
DA:16,1
DA:17,1
DA:18,1
LF:18
LH:18
BRDA:1,0,0,1
BRDA:1,1,0,1
BRDA:4,2,0,1
BRF:3
BRH:3
end_of_record
TN:
SF:container\services\SessionStorageServiceProvider.js
FN:1,Object.<anonymous>
FN:5,boot
FNF:2
FNH:2
FNDA:1,Object.<anonymous>
FNDA:1,boot
DA:1,1
DA:2,1
DA:3,1
DA:4,1
DA:5,1
DA:6,1
DA:7,1
DA:8,1
DA:9,1
DA:10,1
DA:11,1
DA:12,1
LF:12
LH:12
BRDA:1,0,0,1
BRDA:1,1,0,1
BRDA:5,2,0,1
BRF:3
BRH:3
end_of_record
TN:
SF:container\services\SocketServiceProvider.js
FN:1,Object.<anonymous>
FN:5,boot
FNF:2
FNH:2
FNDA:1,Object.<anonymous>
FNDA:1,boot
DA:1,1
DA:2,1
DA:3,1
DA:4,1
DA:5,1
DA:6,1
DA:7,1
DA:8,1
DA:9,1
DA:10,1
DA:11,1
DA:12,1
DA:13,1
DA:14,1
LF:14
LH:14
BRDA:1,0,0,1
BRDA:1,1,0,1
BRDA:5,2,0,1
BRF:3
BRH:3
end_of_record
TN:
SF:container\services\TransformerServiceProvider.js
FN:1,Object.<anonymous>
FN:5,boot
FNF:2
FNH:2
FNDA:1,Object.<anonymous>
FNDA:1,boot
DA:1,1
DA:2,1
DA:3,1
DA:4,1
DA:5,1
DA:6,1
DA:7,1
DA:8,1
DA:9,1
LF:9
LH:9
BRDA:1,0,0,1
BRDA:1,1,0,1
BRDA:5,2,0,1
BRF:3
BRH:3
end_of_record
TN:
SF:package\base.js
FN:1,Object.<anonymous>
FN:6,<static_fields_initializer>
FN:12,Base
FN:20,getObjectProperties
FN:31,excludeFromProperty
FN:46,keySelector
FN:54,requireFiles
FN:65,stackDir
FN:78,stackDirObject
FN:92,readFile
FN:100,assignFile
FN:112,staticAssignFile
FN:124,staticStackDir
FN:135,cleanString
FN:143,stringSanitizer
FN:155,removeSpaces
FN:163,throughDirs
FN:176,install
FNF:18
FNH:15
FNDA:1,Object.<anonymous>
FNDA:1,<static_fields_initializer>
FNDA:22,Base
FNDA:2,getObjectProperties
FNDA:2,excludeFromProperty
FNDA:2,keySelector
FNDA:0,requireFiles
FNDA:1,stackDir
FNDA:0,stackDirObject
FNDA:3,readFile
FNDA:10,assignFile
FNDA:4,staticAssignFile
FNDA:1,staticStackDir
FNDA:5,cleanString
FNDA:5,stringSanitizer
FNDA:5,removeSpaces
FNDA:0,throughDirs
FNDA:1,install
DA:1,1
DA:2,1
DA:3,1
DA:4,1
DA:5,1
DA:6,1
DA:7,1
DA:8,1
DA:9,1
DA:10,1
DA:11,1
DA:12,1
DA:13,22
DA:14,22
DA:15,1
DA:16,1
DA:17,1
DA:18,1
DA:19,1
DA:20,1
DA:21,2
DA:22,2
DA:23,1
DA:24,1
DA:25,1
DA:26,1
DA:27,1
DA:28,1
DA:29,1
DA:30,1
DA:31,1
DA:32,2
DA:33,2
DA:34,15
DA:35,2
DA:36,2
DA:37,2
DA:38,1
DA:39,1
DA:40,1
DA:41,1
DA:42,1
DA:43,1
DA:44,1
DA:45,1
DA:46,1
DA:47,2
DA:48,2
DA:49,1
DA:50,1
DA:51,1
DA:52,1
DA:53,1
DA:54,1
DA:55,0
DA:56,0
DA:57,0
DA:58,0
DA:59,0
DA:60,1
DA:61,1
DA:62,1
DA:63,1
DA:64,1
DA:65,1
DA:66,1
DA:67,1
DA:68,3
DA:69,3
DA:70,3
DA:71,1
DA:72,1
DA:73,1
DA:74,1
DA:75,1
DA:76,1
DA:77,1
DA:78,1
DA:79,0
DA:80,0
DA:81,0
DA:82,0
DA:83,0
DA:84,0
DA:85,0
DA:86,1
DA:87,1
DA:88,1
DA:89,1
DA:90,1
DA:91,1
DA:92,1
DA:93,3
DA:94,3
DA:95,1
DA:96,1
DA:97,1
DA:98,1
DA:99,1
DA:100,1
DA:101,10
DA:102,10
DA:103,10
DA:104,0
DA:105,0
DA:106,10
DA:107,1
DA:108,1
DA:109,1
DA:110,1
DA:111,1
DA:112,1
DA:113,4
DA:114,4
DA:115,4
DA:116,0
DA:117,0
DA:118,4
DA:119,1
DA:120,1
DA:121,1
DA:122,1
DA:123,1
DA:124,1
DA:125,1
DA:126,1
DA:127,2
DA:128,1
DA:129,1
DA:130,1
DA:131,1
DA:132,1
DA:133,1
DA:134,1
DA:135,1
DA:136,5
DA:137,1
DA:138,5
DA:139,4
DA:140,4
DA:141,5
DA:142,1
DA:143,1
DA:144,5
DA:145,5
DA:146,7
DA:147,5
DA:148,5
DA:149,5
DA:150,1
DA:151,1
DA:152,1
DA:153,1
DA:154,1
DA:155,1
DA:156,5
DA:157,1
DA:158,5
DA:159,4
DA:160,4
DA:161,5
DA:162,1
DA:163,1
DA:164,0
DA:165,0
DA:166,0
DA:167,0
DA:168,0
DA:169,0
DA:170,0
DA:171,0
DA:172,0
DA:173,0
DA:174,0
DA:175,1
DA:176,1
DA:177,1
DA:178,1
DA:179,1
DA:180,1
DA:181,1
DA:182,1
DA:183,1
DA:184,1
LF:184
LH:157
BRDA:1,0,0,1
BRDA:1,1,0,1
BRDA:6,2,0,1
BRDA:12,3,0,22
BRDA:20,4,0,2
BRDA:31,5,0,2
BRDA:33,6,0,15
BRDA:34,7,0,11
BRDA:46,8,0,2
BRDA:65,9,0,1
BRDA:67,10,0,3
BRDA:92,11,0,3
BRDA:100,12,0,10
BRDA:103,13,0,0
BRDA:112,14,0,4
BRDA:115,15,0,0
BRDA:124,16,0,1
BRDA:126,17,0,2
BRDA:135,18,0,5
BRDA:136,19,0,1
BRDA:138,20,0,4
BRDA:137,21,0,1
BRDA:143,22,0,5
BRDA:145,23,0,7
BRDA:155,24,0,5
BRDA:156,25,0,1
BRDA:158,26,0,4
BRDA:157,27,0,1
BRDA:176,28,0,1
BRF:29
BRH:27
end_of_record
TN:
SF:package\cluster.js
FN:1,Object.<anonymous>
FN:1,Object.<anonymous>.module.exports
FN:3,base
FN:10,duplicateProperties
FNF:4
FNH:4
FNDA:1,Object.<anonymous>
FNDA:2,Object.<anonymous>.module.exports
FNDA:2,base
FNDA:6,duplicateProperties
DA:1,1
DA:2,2
DA:3,2
DA:4,2
DA:5,2
DA:6,2
DA:7,2
DA:8,2
DA:9,2
DA:10,2
DA:11,6
DA:12,6
DA:13,6
DA:14,38
DA:15,38
DA:16,6
DA:17,6
DA:18,2
DA:19,2
DA:20,2
DA:21,2
DA:22,2
DA:23,2
LF:23
LH:23
BRDA:1,0,0,1
BRDA:1,1,0,1
BRDA:1,2,0,2
BRDA:3,3,0,2
BRDA:5,4,0,2
BRDA:10,5,0,6
BRDA:13,6,0,38
BRDA:15,7,0,30
BRDA:18,8,0,2
BRF:9
BRH:9
end_of_record
TN:
SF:package\handler.js
FN:1,Object.<anonymous>
FN:26,PackageHandler
FN:43,setStatus
FN:53,init
FN:70,before
FN:95,instantiate
FN:113,initializeServices
FN:122,setupQueRoutes
FN:130,after
FN:150,prepareCompiler
FN:159,boot
FN:178,getFileSync
FN:185,connectDbInstsance
FN:195,setupRouteLayerNet
FN:196,$app.getRouteLayer
FN:206,$app.routeLayer
FN:216,CheckStaticErrors
FN:220,injectCorsProperties
FN:224,install
FNF:19
FNH:18
FNDA:1,Object.<anonymous>
FNDA:1,PackageHandler
FNDA:4,setStatus
FNDA:1,init
FNDA:1,before
FNDA:1,instantiate
FNDA:1,initializeServices
FNDA:1,setupQueRoutes
FNDA:1,after
FNDA:1,prepareCompiler
FNDA:1,boot
FNDA:0,getFileSync
FNDA:1,connectDbInstsance
FNDA:1,setupRouteLayerNet
FNDA:5,$app.getRouteLayer
FNDA:6,$app.routeLayer
FNDA:1,CheckStaticErrors
FNDA:1,injectCorsProperties
FNDA:1,install
DA:1,1
DA:2,1
DA:3,1
DA:4,1
DA:5,1
DA:6,1
DA:7,1
DA:8,1
DA:9,1
DA:10,1
DA:11,1
DA:12,1
DA:13,1
DA:14,1
DA:15,1
DA:16,1
DA:17,1
DA:18,1
DA:19,1
DA:20,1
DA:21,1
DA:22,1
DA:23,1
DA:24,1
DA:25,1
DA:26,1
DA:27,1
DA:28,1
DA:29,1
DA:30,1
DA:31,1
DA:32,1
DA:33,1
DA:34,1
DA:35,1
DA:36,1
DA:37,1
DA:38,1
DA:39,1
DA:40,1
DA:41,1
DA:42,1
DA:43,1
DA:44,4
DA:45,4
DA:46,4
DA:47,4
DA:48,4
DA:49,1
DA:50,1
DA:51,1
DA:52,1
DA:53,1
DA:54,1
DA:55,1
DA:56,1
DA:57,1
DA:58,1
DA:59,1
DA:60,1
DA:61,1
DA:62,0
DA:63,0
DA:64,1
DA:65,1
DA:66,1
DA:67,1
DA:68,1
DA:69,1
DA:70,1
DA:71,1
DA:72,1
DA:73,1
DA:74,1
DA:75,1
DA:76,1
DA:77,1
DA:78,1
DA:79,1
DA:80,1
DA:81,1
DA:82,1
DA:83,1
DA:84,1
DA:85,1
DA:86,1
DA:87,0
DA:88,0
DA:89,1
DA:90,1
DA:91,1
DA:92,1
DA:93,1
DA:94,1
DA:95,1
DA:96,1
DA:97,1
DA:98,1
DA:99,1
DA:100,1
DA:101,1
DA:102,1
DA:103,1
DA:104,1
DA:105,1
DA:106,1
DA:107,1
DA:108,1
DA:109,0
DA:110,0
DA:111,1
DA:112,1
DA:113,1
DA:114,1
DA:115,1
DA:116,1
DA:117,1
DA:118,1
DA:119,1
DA:120,1
DA:121,1
DA:122,1
DA:123,1
DA:124,12
DA:125,5
DA:126,5
DA:127,1
DA:128,1
DA:129,1
DA:130,1
DA:131,1
DA:132,1
DA:133,1
DA:134,1
DA:135,1
DA:136,1
DA:137,1
DA:138,1
DA:139,1
DA:140,1
DA:141,1
DA:142,1
DA:143,1
DA:144,0
DA:145,0
DA:146,1
DA:147,1
DA:148,1
DA:149,1
DA:150,1
DA:151,1
DA:152,1
DA:153,0
DA:154,0
DA:155,0
DA:156,1
DA:157,1
DA:158,1
DA:159,1
DA:160,1
DA:161,1
DA:162,1
DA:163,1
DA:164,2
DA:165,2
DA:166,2
DA:167,2
DA:168,2
DA:169,2
DA:170,1
DA:171,1
DA:172,1
DA:173,1
DA:174,1
DA:175,1
DA:176,1
DA:177,1
DA:178,1
DA:179,0
DA:180,0
DA:181,1
DA:182,1
DA:183,1
DA:184,1
DA:185,1
DA:186,1
DA:187,1
DA:188,1
DA:189,1
DA:190,1
DA:191,1
DA:192,1
DA:193,1
DA:194,1
DA:195,1
DA:196,1
DA:197,5
DA:198,5
DA:199,5
DA:200,50
DA:201,50
DA:202,5
DA:203,5
DA:204,5
DA:205,1
DA:206,1
DA:207,6
DA:208,6
DA:209,6
DA:210,61
DA:211,5
DA:212,6
DA:213,6
DA:214,1
DA:215,1
DA:216,1
DA:217,1
DA:218,1
DA:219,1
DA:220,1
DA:221,1
DA:222,1
DA:223,1
DA:224,1
DA:225,1
DA:226,1
DA:227,1
DA:228,1
DA:229,1
DA:230,1
LF:230
LH:217
BRDA:1,0,0,1
BRDA:1,1,0,1
BRDA:26,2,0,1
BRDA:43,3,0,4
BRDA:53,4,0,1
BRDA:61,5,0,0
BRDA:70,6,0,1
BRDA:86,7,0,0
BRDA:95,8,0,1
BRDA:108,9,0,0
BRDA:113,10,0,1
BRDA:122,11,0,1
BRDA:123,12,0,12
BRDA:124,13,0,5
BRDA:130,14,0,1
BRDA:140,15,0,1
BRDA:143,16,0,0
BRDA:150,17,0,1
BRDA:152,18,0,0
BRDA:159,19,0,1
BRDA:160,20,0,1
BRDA:163,21,0,2
BRDA:164,22,0,4
BRDA:165,23,0,2
BRDA:167,24,0,1
BRDA:167,25,0,1
BRDA:185,26,0,1
BRDA:186,27,0,0
BRDA:195,28,0,1
BRDA:196,29,0,5
BRDA:199,30,0,50
BRDA:200,31,0,0
BRDA:201,32,0,40
BRDA:201,33,0,5
BRDA:206,34,0,6
BRDA:209,35,0,61
BRDA:210,36,0,48
BRDA:210,37,0,5
BRDA:216,38,0,1
BRDA:220,39,0,1
BRDA:224,40,0,1
BRF:41
BRH:34
end_of_record
TN:
SF:package\helper.js
FN:1,Object.<anonymous>
FN:6,checkout
FN:11,handle
FN:15,Object.<anonymous>.module.exports.String.trimEllip
FN:19,Object.<anonymous>.module.exports.String.capitalize
FN:25,Object.<anonymous>.module.exports.String.randomString
FN:35,Object.<anonymous>.module.exports.String.UrlStringFormat
FNF:7
FNH:5
FNDA:1,Object.<anonymous>
FNDA:30,checkout
FNDA:15,handle
FNDA:0,Object.<anonymous>.module.exports.String.trimEllip
FNDA:2,Object.<anonymous>.module.exports.String.capitalize
FNDA:0,Object.<anonymous>.module.exports.String.randomString
FNDA:41,Object.<anonymous>.module.exports.String.UrlStringFormat
DA:1,1
DA:2,1
DA:3,1
DA:4,1
DA:5,1
DA:6,1
DA:7,30
DA:8,26
DA:9,30
DA:10,1
DA:11,1
DA:12,15
DA:13,15
DA:14,1
DA:15,1
DA:16,0
DA:17,0
DA:18,1
DA:19,1
DA:20,2
DA:21,2
DA:22,1
DA:23,1
DA:24,1
DA:25,1
DA:26,0
DA:27,0
DA:28,0
DA:29,0
DA:30,0
DA:31,0
DA:32,0
DA:33,0
DA:34,1
DA:35,1
DA:36,41
DA:37,41
DA:38,41
DA:39,41
DA:40,1
LF:40
LH:30
BRDA:1,0,0,1
BRDA:1,1,0,1
BRDA:3,2,0,1
BRDA:6,3,0,30
BRDA:7,4,0,26
BRDA:7,5,0,4
BRDA:8,6,0,26
BRDA:11,7,0,15
BRDA:19,8,0,2
BRDA:35,9,0,41
BRDA:37,10,0,0
BRF:11
BRH:10
end_of_record
TN:
SF:package\Logger\index.js
FN:1,Object.<anonymous>
FN:4,<static_fields_initializer>
FN:6,<instance_members_initializer>
FN:26,setAsHeader
FN:34,msg
FN:63,constructLogType
FN:72,synthMessage
FN:95,startTrace
FN:106,endTrace
FN:114,center
FN:136,full
FN:151,loading
FN:174,custom
FNF:13
FNH:9
FNDA:1,Object.<anonymous>
FNDA:1,<static_fields_initializer>
FNDA:1,<instance_members_initializer>
FNDA:0,setAsHeader
FNDA:3,msg
FNDA:11,constructLogType
FNDA:8,synthMessage
FNDA:6,startTrace
FNDA:0,endTrace
FNDA:2,center
FNDA:12,full
FNDA:0,loading
FNDA:0,custom
DA:1,1
DA:2,1
DA:3,1
DA:4,1
DA:5,1
DA:6,1
DA:7,1
DA:8,1
DA:9,1
DA:10,1
DA:11,1
DA:12,1
DA:13,1
DA:14,1
DA:15,1
DA:16,1
DA:17,1
DA:18,1
DA:19,1
DA:20,1
DA:21,1
DA:22,1
DA:23,1
DA:24,1
DA:25,1
DA:26,1
DA:27,0
DA:28,0
DA:29,0
DA:30,0
DA:31,0
DA:32,0
DA:33,1
DA:34,1
DA:35,3
DA:36,3
DA:37,0
DA:38,0
DA:39,0
DA:40,0
DA:41,0
DA:42,0
DA:43,0
DA:44,0
DA:45,3
DA:46,3
DA:47,3
DA:48,0
DA:49,0
DA:50,0
DA:51,0
DA:52,0
DA:53,0
DA:54,3
DA:55,3
DA:56,0
DA:57,0
DA:58,0
DA:59,3
DA:60,3
DA:61,3
DA:62,1
DA:63,1
DA:64,11
DA:65,11
DA:66,11
DA:67,11
DA:68,11
DA:69,11
DA:70,11
DA:71,1
DA:72,1
DA:73,8
DA:74,8
DA:75,8
DA:76,8
DA:77,8
DA:78,8
DA:79,6
DA:80,6
DA:81,6
DA:82,6
DA:83,6
DA:84,6
DA:85,6
DA:86,5
DA:87,5
DA:88,5
DA:89,5
DA:90,5
DA:91,6
DA:92,8
DA:93,8
DA:94,1
DA:95,1
DA:96,6
DA:97,6
DA:98,6
DA:99,6
DA:100,6
DA:101,6
DA:102,6
DA:103,6
DA:104,6
DA:105,1
DA:106,1
DA:107,0
DA:108,0
DA:109,0
DA:110,0
DA:111,0
DA:112,0
DA:113,1
DA:114,1
DA:115,2
DA:116,2
DA:117,2
DA:118,2
DA:119,2
DA:120,2
DA:121,2
DA:122,2
DA:123,2
DA:124,0
DA:125,0
DA:126,2
DA:127,2
DA:128,2
DA:129,2
DA:130,1
DA:131,1
DA:132,1
DA:133,2
DA:134,2
DA:135,1
DA:136,1
DA:137,12
DA:138,12
DA:139,12
DA:140,12
DA:141,12
DA:142,12
DA:143,12
DA:144,0
DA:145,0
DA:146,12
DA:147,12
DA:148,12
DA:149,12
DA:150,1
DA:151,1
DA:152,0
DA:153,0
DA:154,0
DA:155,0
DA:156,0
DA:157,0
DA:158,0
DA:159,0
DA:160,0
DA:161,0
DA:162,0
DA:163,0
DA:164,0
DA:165,0
DA:166,0
DA:167,0
DA:168,0
DA:169,0
DA:170,0
DA:171,1
DA:172,1
DA:173,1
DA:174,1
DA:175,0
DA:176,1
DA:177,1
DA:178,1
DA:179,1
LF:179
LH:126
BRDA:1,0,0,1
BRDA:1,1,0,1
BRDA:4,2,0,1
BRDA:6,3,0,1
BRDA:34,4,0,3
BRDA:36,5,0,0
BRDA:47,6,0,0
BRDA:55,7,0,0
BRDA:63,8,0,11
BRDA:72,9,0,8
BRDA:78,10,0,6
BRDA:85,11,0,5
BRDA:81,12,0,6
BRDA:86,13,0,5
BRDA:95,14,0,6
BRDA:114,15,0,2
BRDA:123,16,0,0
BRDA:129,17,0,1
BRDA:136,18,0,12
BRDA:143,19,0,0
BRF:20
BRH:15
end_of_record
TN:
SF:package\bootloader\ModelExt.js
FN:1,Object.<anonymous>
FN:7,<static_fields_initializer>
FN:11,ModelExt
FN:15,methods
FN:22,has
FN:30,hasMany
FN:38,install
FNF:7
FNH:5
FNDA:1,Object.<anonymous>
FNDA:1,<static_fields_initializer>
FNDA:4,ModelExt
FNDA:2,methods
FNDA:0,has
FNDA:0,hasMany
FNDA:2,install
DA:1,1
DA:2,1
DA:3,1
DA:4,1
DA:5,1
DA:6,1
DA:7,1
DA:8,1
DA:9,1
DA:10,1
DA:11,1
DA:12,4
DA:13,4
DA:14,1
DA:15,1
DA:16,2
DA:17,2
DA:18,2
DA:19,2
DA:20,2
DA:21,1
DA:22,1
DA:23,0
DA:24,0
DA:25,0
DA:26,0
DA:27,0
DA:28,0
DA:29,1
DA:30,1
DA:31,0
DA:32,0
DA:33,0
DA:34,0
DA:35,0
DA:36,0
DA:37,1
DA:38,1
DA:39,2
DA:40,2
DA:41,2
DA:42,4
DA:43,2
DA:44,2
DA:45,0
DA:46,0
DA:47,2
DA:48,1
DA:49,1
DA:50,1
LF:50
LH:36
BRDA:1,0,0,1
BRDA:1,1,0,1
BRDA:7,2,0,1
BRDA:11,3,0,4
BRDA:15,4,0,2
BRDA:38,5,0,2
BRDA:44,6,0,0
BRDA:41,7,0,4
BRF:8
BRH:7
end_of_record
TN:
SF:package\bootloader\configurator.js
FN:1,Object.<anonymous>
FN:12,<static_fields_initializer>
FN:19,Configurator
FN:32,setProps
FN:46,register
FN:55,bootload
FN:70,autoLoadConfigs
FN:78,configureApp
FN:92,getCorsOption
FN:105,getDatabaseEnv
FNF:10
FNH:10
FNDA:1,Object.<anonymous>
FNDA:1,<static_fields_initializer>
FNDA:1,Configurator
FNDA:1,setProps
FNDA:10,register
FNDA:1,bootload
FNDA:1,autoLoadConfigs
FNDA:1,configureApp
FNDA:1,getCorsOption
FNDA:1,getDatabaseEnv
DA:1,1
DA:2,1
DA:3,1
DA:4,1
DA:5,1
DA:6,1
DA:7,1
DA:8,1
DA:9,1
DA:10,1
DA:11,1
DA:12,1
DA:13,1
DA:14,1
DA:15,1
DA:16,1
DA:17,1
DA:18,1
DA:19,1
DA:20,1
DA:21,1
DA:22,1
DA:23,1
DA:24,1
DA:25,1
DA:26,1
DA:27,1
DA:28,1
DA:29,1
DA:30,1
DA:31,1
DA:32,1
DA:33,1
DA:34,1
DA:35,1
DA:36,10
DA:37,10
DA:38,1
DA:39,1
DA:40,1
DA:41,1
DA:42,1
DA:43,1
DA:44,1
DA:45,1
DA:46,1
DA:47,10
DA:48,10
DA:49,10
DA:50,1
DA:51,1
DA:52,1
DA:53,1
DA:54,1
DA:55,1
DA:56,1
DA:57,1
DA:58,1
DA:59,1
DA:60,1
DA:61,1
DA:62,1
DA:63,1
DA:64,1
DA:65,1
DA:66,1
DA:67,1
DA:68,1
DA:69,1
DA:70,1
DA:71,1
DA:72,1
DA:73,1
DA:74,1
DA:75,1
DA:76,1
DA:77,1
DA:78,1
DA:79,1
DA:80,1
DA:81,1
DA:82,1
DA:83,1
DA:84,1
DA:85,1
DA:86,1
DA:87,1
DA:88,1
DA:89,1
DA:90,1
DA:91,1
DA:92,1
DA:93,1
DA:94,1
DA:95,1
DA:96,1
DA:97,1
DA:98,1
DA:99,1
DA:100,1
DA:101,1
DA:102,1
DA:103,1
DA:104,1
DA:105,1
DA:106,1
DA:107,1
DA:108,1
DA:109,1
DA:110,1
DA:111,1
DA:112,1
DA:113,1
DA:114,1
DA:115,1
DA:116,1
DA:117,1
LF:117
LH:117
BRDA:1,0,0,1
BRDA:1,1,0,1
BRDA:12,2,0,1
BRDA:19,3,0,1
BRDA:32,4,0,1
BRDA:35,5,0,10
BRDA:46,6,0,10
BRDA:55,7,0,1
BRDA:70,8,0,1
BRDA:78,9,0,1
BRDA:92,10,0,1
BRDA:105,11,0,1
BRF:12
BRH:12
end_of_record
TN:
SF:package\bootloader\injector.js
FN:1,Object.<anonymous>
FN:11,Injector
FNF:2
FNH:2
FNDA:1,Object.<anonymous>
FNDA:2,Injector
DA:1,1
DA:2,1
DA:3,1
DA:4,1
DA:5,1
DA:6,1
DA:7,1
DA:8,1
DA:9,1
DA:10,1
DA:11,1
DA:12,2
DA:13,2
DA:14,2
DA:15,2
DA:16,2
DA:17,2
DA:18,2
DA:19,2
DA:20,2
DA:21,2
DA:22,2
DA:23,1
DA:24,1
DA:25,1
LF:25
LH:25
BRDA:1,0,0,1
BRDA:1,1,0,1
BRDA:11,2,0,2
BRF:3
BRH:3
end_of_record
TN:
SF:package\events\index.js
FN:1,Object.<anonymous>
FN:4,<static_fields_initializer>
FN:7,listensTo
FN:12,call
FNF:4
FNH:4
FNDA:1,Object.<anonymous>
FNDA:1,<static_fields_initializer>
FNDA:1,listensTo
FNDA:1,call
DA:1,1
DA:2,1
DA:3,1
DA:4,1
DA:5,1
DA:6,1
DA:7,1
DA:8,1
DA:9,1
DA:10,1
DA:11,1
DA:12,1
DA:13,1
DA:14,1
DA:15,1
DA:16,1
DA:17,1
LF:17
LH:17
BRDA:1,0,0,1
BRDA:1,1,0,1
BRDA:4,2,0,1
BRDA:7,3,0,1
BRDA:12,4,0,1
BRF:5
BRH:5
end_of_record
TN:
SF:package\framework\Package.js
FN:1,Object.<anonymous>
FN:4,<static_fields_initializer>
FN:6,PKG
FN:15,requireFile
FN:24,callStatic
FNF:5
FNH:5
FNDA:1,Object.<anonymous>
FNDA:1,<static_fields_initializer>
FNDA:3,PKG
FNDA:3,requireFile
FNDA:3,callStatic
DA:1,1
DA:2,1
DA:3,1
DA:4,1
DA:5,1
DA:6,1
DA:7,3
DA:8,3
DA:9,3
DA:10,3
DA:11,3
DA:12,3
DA:13,3
DA:14,1
DA:15,1
DA:16,3
DA:17,3
DA:18,3
DA:19,3
DA:20,0
DA:21,0
DA:22,3
DA:23,1
DA:24,1
DA:25,3
DA:26,3
DA:27,3
DA:28,1
DA:29,1
DA:30,1
LF:30
LH:28
BRDA:1,0,0,1
BRDA:1,1,0,1
BRDA:4,2,0,1
BRDA:4,3,0,0
BRDA:6,4,0,3
BRDA:15,5,0,3
BRDA:18,6,0,0
BRDA:19,7,0,0
BRDA:24,8,0,3
BRDA:25,9,0,0
BRF:10
BRH:6
end_of_record
TN:
SF:package\framework\PackageLoader.js
FN:2,Object.<anonymous>
FN:7,<static_fields_initializer>
FN:12,PackageLoader
FN:20,verifyLoadPack
FN:24,RegisterPackages
FN:28,boot
FN:33,locatePackage
FN:41,installPackages
FN:54,sanitizePathStr
FN:58,package
FNF:10
FNH:9
FNDA:1,Object.<anonymous>
FNDA:1,<static_fields_initializer>
FNDA:1,PackageLoader
FNDA:1,verifyLoadPack
FNDA:1,RegisterPackages
FNDA:1,boot
FNDA:1,locatePackage
FNDA:1,installPackages
FNDA:3,sanitizePathStr
FNDA:0,package
DA:1,1
DA:2,1
DA:3,1
DA:4,1
DA:5,1
DA:6,1
DA:7,1
DA:8,1
DA:9,1
DA:10,1
DA:11,1
DA:12,1
DA:13,1
DA:14,1
DA:15,1
DA:16,1
DA:17,1
DA:18,1
DA:19,1
DA:20,1
DA:21,1
DA:22,1
DA:23,1
DA:24,1
DA:25,1
DA:26,1
DA:27,1
DA:28,1
DA:29,1
DA:30,1
DA:31,1
DA:32,1
DA:33,1
DA:34,1
DA:35,3
DA:36,3
DA:37,1
DA:38,1
DA:39,1
DA:40,1
DA:41,1
DA:42,1
DA:43,3
DA:44,3
DA:45,3
DA:46,3
DA:47,3
DA:48,0
DA:49,0
DA:50,1
DA:51,1
DA:52,1
DA:53,1
DA:54,1
DA:55,3
DA:56,3
DA:57,1
DA:58,1
DA:59,0
DA:60,0
DA:61,1
DA:62,1
DA:63,1
DA:64,1
LF:64
LH:60
BRDA:2,0,0,1
BRDA:2,1,0,1
BRDA:7,2,0,1
BRDA:10,3,0,0
BRDA:12,4,0,1
BRDA:20,5,0,1
BRDA:21,6,0,0
BRDA:24,7,0,1
BRDA:28,8,0,1
BRDA:33,9,0,1
BRDA:34,10,0,3
BRDA:41,11,0,1
BRDA:42,12,0,3
BRDA:46,13,0,0
BRDA:47,14,0,0
BRDA:54,15,0,3
BRF:16
BRH:12
end_of_record
TN:
SF:package\framework\chasi\chasi.js
FN:1,Object.<anonymous>
FN:15,<static_fields_initializer>
FN:42,Chasi
FN:48,autoLoadServiceBootstrap
FN:55,propagateServices
FN:64,use
FN:68,VerifyInstallation
FN:77,install
FNF:8
FNH:7
FNDA:1,Object.<anonymous>
FNDA:1,<static_fields_initializer>
FNDA:1,Chasi
FNDA:1,autoLoadServiceBootstrap
FNDA:1,propagateServices
FNDA:0,use
FNDA:1,VerifyInstallation
FNDA:1,install
DA:1,1
DA:2,1
DA:3,1
DA:4,1
DA:5,1
DA:6,1
DA:7,1
DA:8,1
DA:9,1
DA:10,1
DA:11,1
DA:12,1
DA:13,1
DA:14,1
DA:15,1
DA:16,1
DA:17,1
DA:18,1
DA:19,1
DA:20,1
DA:21,1
DA:22,1
DA:23,1
DA:24,1
DA:25,1
DA:26,1
DA:27,1
DA:28,1
DA:29,1
DA:30,1
DA:31,1
DA:32,1
DA:33,1
DA:34,1
DA:35,1
DA:36,1
DA:37,1
DA:38,1
DA:39,1
DA:40,1
DA:41,1
DA:42,1
DA:43,1
DA:44,1
DA:45,1
DA:46,1
DA:47,1
DA:48,1
DA:49,1
DA:50,1
DA:51,1
DA:52,1
DA:53,1
DA:54,1
DA:55,1
DA:56,1
DA:57,1
DA:58,4
DA:59,4
DA:60,1
DA:61,1
DA:62,1
DA:63,1
DA:64,1
DA:65,0
DA:66,0
DA:67,1
DA:68,1
DA:69,1
DA:70,1
DA:71,1
DA:72,1
DA:73,1
DA:74,1
DA:75,1
DA:76,1
DA:77,1
DA:78,1
DA:79,1
DA:80,1
DA:81,1
DA:82,1
DA:83,1
DA:84,1
DA:85,1
DA:86,1
DA:87,1
DA:88,1
DA:89,1
DA:90,1
DA:91,1
DA:92,1
LF:92
LH:90
BRDA:1,0,0,1
BRDA:1,1,0,1
BRDA:15,2,0,1
BRDA:42,3,0,1
BRDA:48,4,0,1
BRDA:55,5,0,1
BRDA:57,6,0,4
BRDA:68,7,0,1
BRDA:74,8,0,0
BRDA:70,9,0,1
BRDA:71,10,0,0
BRDA:77,11,0,1
BRF:12
BRH:10
end_of_record
TN:
SF:package\framework\chasi\Authorization\index.js
FN:1,Object.<anonymous>
FN:9,<static_fields_initializer>
FN:15,AuthorizationDriver
FN:19,SetGuards
FN:31,register
FN:41,setRouteGuardException
FN:47,implementAppGuard
FN:61,setListeners
FN:65,init
FNF:9
FNH:8
FNDA:1,Object.<anonymous>
FNDA:1,<static_fields_initializer>
FNDA:1,AuthorizationDriver
FNDA:1,SetGuards
FNDA:1,register
FNDA:0,setRouteGuardException
FNDA:5,implementAppGuard
FNDA:1,setListeners
FNDA:1,init
DA:1,1
DA:2,1
DA:3,1
DA:4,1
DA:5,1
DA:6,1
DA:7,1
DA:8,1
DA:9,1
DA:10,1
DA:11,1
DA:12,1
DA:13,1
DA:14,1
DA:15,1
DA:16,1
DA:17,1
DA:18,1
DA:19,1
DA:20,1
DA:21,1
DA:22,1
DA:23,1
DA:24,1
DA:25,1
DA:26,1
DA:27,0
DA:28,0
DA:29,1
DA:30,1
DA:31,1
DA:32,1
DA:33,5
DA:34,5
DA:35,5
DA:36,5
DA:37,5
DA:38,1
DA:39,1
DA:40,1
DA:41,1
DA:42,0
DA:43,0
DA:44,0
DA:45,0
DA:46,1
DA:47,1
DA:48,5
DA:49,5
DA:50,0
DA:51,0
DA:52,0
DA:53,5
DA:54,5
DA:55,5
DA:56,5
DA:57,5
DA:58,5
DA:59,5
DA:60,1
DA:61,1
DA:62,1
DA:63,1
DA:64,1
DA:65,1
DA:66,1
DA:67,1
DA:68,1
DA:69,1
DA:70,1
DA:71,1
DA:72,1
DA:73,1
LF:73
LH:64
BRDA:1,0,0,1
BRDA:1,1,0,1
BRDA:9,2,0,1
BRDA:15,3,0,1
BRDA:19,4,0,1
BRDA:26,5,0,0
BRDA:31,6,0,1
BRDA:32,7,0,5
BRDA:47,8,0,5
BRDA:49,9,0,0
BRDA:53,10,0,0
BRDA:57,11,0,0
BRDA:54,12,0,10
BRDA:61,13,0,1
BRDA:65,14,0,1
BRF:15
BRH:11
end_of_record
TN:
SF:package\framework\chasi\Authorization\jwt\index.js
FN:1,Object.<anonymous>
FN:10,<static_fields_initializer>
FN:14,JWTDriver
FN:22,addTokenExceptions
FN:33,setAuthorization
FN:67,init
FNF:6
FNH:6
FNDA:1,Object.<anonymous>
FNDA:1,<static_fields_initializer>
FNDA:1,JWTDriver
FNDA:1,addTokenExceptions
FNDA:1,setAuthorization
FNDA:1,init
DA:1,1
DA:2,1
DA:3,1
DA:4,1
DA:5,1
DA:6,1
DA:7,1
DA:8,1
DA:9,1
DA:10,1
DA:11,1
DA:12,1
DA:13,1
DA:14,1
DA:15,1
DA:16,1
DA:17,1
DA:18,1
DA:19,1
DA:20,1
DA:21,1
DA:22,1
DA:23,1
DA:24,1
DA:25,2
DA:26,1
DA:27,1
DA:28,0
DA:29,0
DA:30,1
DA:31,1
DA:32,1
DA:33,1
DA:34,1
DA:35,6
DA:36,6
DA:37,6
DA:38,1
DA:39,1
DA:40,1
DA:41,1
DA:42,5
DA:43,5
DA:44,5
DA:45,5
DA:46,5
DA:47,6
DA:48,0
DA:49,0
DA:50,0
DA:51,0
DA:52,0
DA:53,0
DA:54,0
DA:55,0
DA:56,5
DA:57,6
DA:58,0
DA:59,0
DA:60,0
DA:61,0
DA:62,0
DA:63,0
DA:64,1
DA:65,1
DA:66,1
DA:67,1
DA:68,1
DA:69,1
DA:70,1
DA:71,1
DA:72,1
DA:73,1
LF:73
LH:57
BRDA:1,0,0,1
BRDA:1,1,0,1
BRDA:10,2,0,1
BRDA:14,3,0,1
BRDA:22,4,0,1
BRDA:27,5,0,0
BRDA:24,6,0,2
BRDA:33,7,0,1
BRDA:34,8,0,6
BRDA:37,9,0,1
BRDA:42,10,0,5
BRDA:47,11,0,0
BRDA:56,12,0,5
BRDA:57,13,0,0
BRDA:67,14,0,1
BRF:15
BRH:12
end_of_record
TN:
SF:package\framework\chasi\Compiler\index.js
FN:2,Object.<anonymous>
FN:6,<static_fields_initializer>
FN:8,Compiler
FN:15,loadDriver
FN:19,setDrivers
FN:30,setup
FN:36,init
FNF:7
FNH:4
FNDA:1,Object.<anonymous>
FNDA:1,<static_fields_initializer>
FNDA:1,Compiler
FNDA:0,loadDriver
FNDA:0,setDrivers
FNDA:0,setup
FNDA:1,init
DA:1,1
DA:2,1
DA:3,1
DA:4,1
DA:5,1
DA:6,1
DA:7,1
DA:8,1
DA:9,1
DA:10,1
DA:11,1
DA:12,1
DA:13,1
DA:14,1
DA:15,1
DA:16,0
DA:17,0
DA:18,1
DA:19,1
DA:20,0
DA:21,0
DA:22,0
DA:23,0
DA:24,0
DA:25,0
DA:26,0
DA:27,0
DA:28,0
DA:29,1
DA:30,1
DA:31,0
DA:32,0
DA:33,0
DA:34,0
DA:35,1
DA:36,1
DA:37,1
DA:38,1
DA:39,1
DA:40,1
DA:41,1
DA:42,1
DA:43,1
DA:44,1
LF:44
LH:29
BRDA:2,0,0,1
BRDA:2,1,0,1
BRDA:6,2,0,1
BRDA:8,3,0,1
BRDA:36,4,0,1
BRF:5
BRH:5
end_of_record
TN:
SF:package\framework\chasi\OpenSocket\index.js
FN:1,Object.<anonymous>
FN:10,<static_fields_initializer>
FN:23,OpenSocket
FN:33,setNameSpace
FN:39,validateProperties
FN:47,createSocket
FN:59,readNamespace
FN:69,fetchMiddlewares
FN:76,init
FNF:9
FNH:9
FNDA:1,Object.<anonymous>
FNDA:1,<static_fields_initializer>
FNDA:1,OpenSocket
FNDA:1,setNameSpace
FNDA:1,validateProperties
FNDA:1,createSocket
FNDA:1,readNamespace
FNDA:1,fetchMiddlewares
FNDA:1,init
DA:1,1
DA:2,1
DA:3,1
DA:4,1
DA:5,1
DA:6,1
DA:7,1
DA:8,1
DA:9,1
DA:10,1
DA:11,1
DA:12,1
DA:13,1
DA:14,1
DA:15,1
DA:16,1
DA:17,1
DA:18,1
DA:19,1
DA:20,1
DA:21,1
DA:22,1
DA:23,1
DA:24,1
DA:25,1
DA:26,1
DA:27,1
DA:28,1
DA:29,1
DA:30,1
DA:31,1
DA:32,1
DA:33,1
DA:34,1
DA:35,1
DA:36,1
DA:37,1
DA:38,1
DA:39,1
DA:40,1
DA:41,1
DA:42,2
DA:43,1
DA:44,1
DA:45,1
DA:46,1
DA:47,1
DA:48,1
DA:49,1
DA:50,0
DA:51,0
DA:52,0
DA:53,0
DA:54,0
DA:55,1
DA:56,1
DA:57,1
DA:58,1
DA:59,1
DA:60,1
DA:61,1
DA:62,1
DA:63,1
DA:64,0
DA:65,0
DA:66,1
DA:67,1
DA:68,1
DA:69,1
DA:70,1
DA:71,1
DA:72,0
DA:73,1
DA:74,1
DA:75,1
DA:76,1
DA:77,1
DA:78,1
DA:79,1
DA:80,1
DA:81,1
DA:82,1
DA:83,1
DA:84,1
LF:84
LH:76
BRDA:1,0,0,1
BRDA:1,1,0,1
BRDA:10,2,0,1
BRDA:23,3,0,1
BRDA:33,4,0,1
BRDA:39,5,0,1
BRDA:44,6,0,0
BRDA:41,7,0,2
BRDA:42,8,0,0
BRDA:47,9,0,1
BRDA:59,10,0,1
BRDA:63,11,0,0
BRDA:69,12,0,1
BRDA:72,13,0,0
BRDA:71,14,0,1
BRDA:73,15,0,1
BRDA:76,16,0,1
BRF:17
BRH:13
end_of_record
TN:
SF:package\framework\chasi\Routing\Manager.js
FN:1,Object.<anonymous>
FN:9,<static_fields_initializer>
FN:14,RouteManager
FN:29,loadControllers
FN:48,middleware
FN:58,pushMiddleware
FN:64,group
FN:74,setPrefix
FN:84,readNameSpace
FN:96,addRoute
FN:107,sanitizeList
FN:117,init
FNF:12
FNH:10
FNDA:1,Object.<anonymous>
FNDA:1,<static_fields_initializer>
FNDA:1,RouteManager
FNDA:1,loadControllers
FNDA:1,middleware
FNDA:0,pushMiddleware
FNDA:0,group
FNDA:1,setPrefix
FNDA:1,readNameSpace
FNDA:5,addRoute
FNDA:1,sanitizeList
FNDA:2,init
DA:1,1
DA:2,1
DA:3,1
DA:4,1
DA:5,1
DA:6,1
DA:7,1
DA:8,1
DA:9,1
DA:10,1
DA:11,1
DA:12,1
DA:13,1
DA:14,1
DA:15,1
DA:16,1
DA:17,1
DA:18,1
DA:19,1
DA:20,1
DA:21,1
DA:22,1
DA:23,1
DA:24,1
DA:25,1
DA:26,1
DA:27,1
DA:28,1
DA:29,1
DA:30,1
DA:31,1
DA:32,1
DA:33,1
DA:34,1
DA:35,1
DA:36,1
DA:37,3
DA:38,3
DA:39,3
DA:40,3
DA:41,1
DA:42,1
DA:43,1
DA:44,0
DA:45,0
DA:46,1
DA:47,1
DA:48,1
DA:49,1
DA:50,1
DA:51,0
DA:52,1
DA:53,1
DA:54,0
DA:55,0
DA:56,1
DA:57,1
DA:58,1
DA:59,0
DA:60,0
DA:61,0
DA:62,0
DA:63,1
DA:64,1
DA:65,0
DA:66,0
DA:67,0
DA:68,0
DA:69,0
DA:70,0
DA:71,0
DA:72,0
DA:73,1
DA:74,1
DA:75,1
DA:76,0
DA:77,0
DA:78,0
DA:79,1
DA:80,1
DA:81,1
DA:82,1
DA:83,1
DA:84,1
DA:85,1
DA:86,1
DA:87,1
DA:88,1
DA:89,1
DA:90,1
DA:91,1
DA:92,0
DA:93,0
DA:94,1
DA:95,1
DA:96,1
DA:97,5
DA:98,5
DA:99,5
DA:100,5
DA:101,5
DA:102,0
DA:103,0
DA:104,5
DA:105,5
DA:106,1
DA:107,1
DA:108,1
DA:109,1
DA:110,5
DA:111,5
DA:112,1
DA:113,1
DA:114,1
DA:115,1
DA:116,1
DA:117,1
DA:118,2
DA:119,2
DA:120,2
DA:121,1
DA:122,1
DA:123,1
DA:124,1
LF:124
LH:100
BRDA:1,0,0,1
BRDA:1,1,0,1
BRDA:9,2,0,1
BRDA:14,3,0,1
BRDA:29,4,0,1
BRDA:43,5,0,0
BRDA:33,6,0,1
BRDA:36,7,0,3
BRDA:38,8,0,0
BRDA:48,9,0,1
BRDA:53,10,0,0
BRDA:74,11,0,1
BRDA:75,12,0,0
BRDA:84,13,0,1
BRDA:91,14,0,0
BRDA:96,15,0,5
BRDA:101,16,0,0
BRDA:107,17,0,1
BRDA:109,18,0,5
BRDA:117,19,0,2
BRF:20
BRH:14
end_of_record
TN:
SF:package\framework\chasi\Routing\Route.js
FN:1,Object.<anonymous>
FN:9,<static_fields_initializer>
FN:13,Route
FN:27,setId
FN:31,setRouteProperties
FN:39,locateController
FN:48,maskFn
FN:52,prefix
FN:61,middleware
FN:68,pushMiddleware
FN:74,post
FN:86,get
FN:97,update
FN:108,delete
FN:119,patch
FN:130,put
FN:142,group
FN:157,#removeGroupStack
FN:162,#stackGroup
FN:168,exempt
FN:174,pushExcemption
FNF:21
FNH:13
FNDA:1,Object.<anonymous>
FNDA:1,<static_fields_initializer>
FNDA:5,Route
FNDA:5,setId
FNDA:5,setRouteProperties
FNDA:5,locateController
FNDA:0,maskFn
FNDA:5,prefix
FNDA:18,middleware
FNDA:8,pushMiddleware
FNDA:5,post
FNDA:0,get
FNDA:0,update
FNDA:0,delete
FNDA:0,patch
FNDA:0,put
FNDA:2,group
FNDA:2,#removeGroupStack
FNDA:2,#stackGroup
FNDA:0,exempt
FNDA:0,pushExcemption
DA:1,1
DA:2,1
DA:3,1
DA:4,1
DA:5,1
DA:6,1
DA:7,1
DA:8,1
DA:9,1
DA:10,1
DA:11,1
DA:12,1
DA:13,1
DA:14,5
DA:15,5
DA:16,5
DA:17,5
DA:18,5
DA:19,5
DA:20,5
DA:21,5
DA:22,5
DA:23,5
DA:24,5
DA:25,5
DA:26,1
DA:27,1
DA:28,5
DA:29,5
DA:30,1
DA:31,1
DA:32,5
DA:33,10
DA:34,10
DA:35,10
DA:36,5
DA:37,5
DA:38,1
DA:39,1
DA:40,5
DA:41,5
DA:42,5
DA:43,5
DA:44,5
DA:45,5
DA:46,5
DA:47,1
DA:48,1
DA:49,0
DA:50,0
DA:51,1
DA:52,1
DA:53,5
DA:54,5
DA:55,5
DA:56,0
DA:57,0
DA:58,5
DA:59,5
DA:60,1
DA:61,1
DA:62,18
DA:63,3
DA:64,18
DA:65,18
DA:66,18
DA:67,1
DA:68,1
DA:69,8
DA:70,8
DA:71,8
DA:72,8
DA:73,1
DA:74,1
DA:75,5
DA:76,5
DA:77,5
DA:78,5
DA:79,5
DA:80,5
DA:81,5
DA:82,5
DA:83,5
DA:84,5
DA:85,1
DA:86,1
DA:87,0
DA:88,0
DA:89,0
DA:90,0
DA:91,0
DA:92,0
DA:93,0
DA:94,0
DA:95,0
DA:96,1
DA:97,1
DA:98,0
DA:99,0
DA:100,0
DA:101,0
DA:102,0
DA:103,0
DA:104,0
DA:105,0
DA:106,0
DA:107,1
DA:108,1
DA:109,0
DA:110,0
DA:111,0
DA:112,0
DA:113,0
DA:114,0
DA:115,0
DA:116,0
DA:117,0
DA:118,1
DA:119,1
DA:120,0
DA:121,0
DA:122,0
DA:123,0
DA:124,0
DA:125,0
DA:126,0
DA:127,0
DA:128,0
DA:129,1
DA:130,1
DA:131,0
DA:132,0
DA:133,0
DA:134,0
DA:135,0
DA:136,0
DA:137,0
DA:138,0
DA:139,0
DA:140,1
DA:141,1
DA:142,1
DA:143,2
DA:144,2
DA:145,2
DA:146,2
DA:147,2
DA:148,2
DA:149,2
DA:150,2
DA:151,2
DA:152,2
DA:153,2
DA:154,2
DA:155,1
DA:156,1
DA:157,1
DA:158,2
DA:159,2
DA:160,1
DA:161,1
DA:162,1
DA:163,2
DA:164,2
DA:165,2
DA:166,2
DA:167,1
DA:168,1
DA:169,0
DA:170,0
DA:171,0
DA:172,0
DA:173,1
DA:174,1
DA:175,0
DA:176,0
DA:177,1
DA:178,1
LF:178
LH:123
BRDA:1,0,0,1
BRDA:1,1,0,1
BRDA:9,2,0,1
BRDA:13,3,0,5
BRDA:27,4,0,5
BRDA:31,5,0,5
BRDA:32,6,0,10
BRDA:39,7,0,5
BRDA:52,8,0,5
BRDA:55,9,0,0
BRDA:54,10,0,5
BRDA:61,11,0,18
BRDA:62,12,0,15
BRDA:63,13,0,3
BRDA:62,14,0,5
BRDA:68,15,0,8
BRDA:74,16,0,5
BRDA:142,17,0,2
BRDA:148,18,0,2
BRDA:157,19,0,2
BRDA:158,20,0,3
BRDA:162,21,0,2
BRDA:163,22,0,0
BRF:23
BRH:21
end_of_record
TN:
SF:package\framework\chasi\Routing\RouteGroup.js
FN:2,Object.<anonymous>
FN:3,<static_fields_initializer>
FN:4,RouteGroup
FN:12,consume
FN:16,join
FN:20,pushMiddleware
FN:25,injectMiddleware
FN:32,pushPrefix
FN:37,appendPrefix
FN:50,register
FN:62,validateStr
FNF:11
FNH:8
FNDA:1,Object.<anonymous>
FNDA:1,<static_fields_initializer>
FNDA:2,RouteGroup
FNDA:0,consume
FNDA:0,join
FNDA:2,pushMiddleware
FNDA:2,injectMiddleware
FNDA:2,pushPrefix
FNDA:2,appendPrefix
FNDA:2,register
FNDA:0,validateStr
DA:1,1
DA:2,1
DA:3,1
DA:4,1
DA:5,2
DA:6,2
DA:7,2
DA:8,2
DA:9,2
DA:10,2
DA:11,1
DA:12,1
DA:13,0
DA:14,0
DA:15,1
DA:16,1
DA:17,0
DA:18,0
DA:19,1
DA:20,1
DA:21,2
DA:22,1
DA:23,2
DA:24,1
DA:25,1
DA:26,2
DA:27,2
DA:28,2
DA:29,2
DA:30,1
DA:31,1
DA:32,1
DA:33,2
DA:34,2
DA:35,2
DA:36,1
DA:37,1
DA:38,2
DA:39,2
DA:40,2
DA:41,2
DA:42,2
DA:43,1
DA:44,1
DA:45,1
DA:46,1
DA:47,1
DA:48,1
DA:49,1
DA:50,1
DA:51,2
DA:52,2
DA:53,2
DA:54,2
DA:55,2
DA:56,0
DA:57,0
DA:58,0
DA:59,2
DA:60,2
DA:61,1
DA:62,1
DA:63,0
DA:64,0
DA:65,0
DA:66,0
DA:67,0
DA:68,0
DA:69,1
DA:70,1
DA:71,1
LF:71
LH:58
BRDA:2,0,0,1
BRDA:2,1,0,1
BRDA:3,2,0,1
BRDA:4,3,0,2
BRDA:20,4,0,2
BRDA:21,5,0,1
BRDA:21,6,0,1
BRDA:25,7,0,2
BRDA:27,8,0,1
BRDA:32,9,0,2
BRDA:33,10,0,0
BRDA:37,11,0,2
BRDA:50,12,0,2
BRDA:55,13,0,0
BRDA:51,14,0,1
BRF:15
BRH:13
end_of_record
TN:
SF:package\framework\chasi\Routing\RouteRegistry.js
FN:1,Object.<anonymous>
FN:10,<static_fields_initializer>
FN:15,RouteRegistry
FN:28,collector
FN:48,pushRoutes
FN:55,readExemptions
FN:63,activateRoutes
FN:89,checkGwExceptions
FN:96,validateController
FN:102,validateEndpoint
FN:112,validPathStartString
FN:121,registerRoute
FN:142,assignMiddleware
FN:156,assignController
FN:157,use
FN:161,apply
FN:191,handleError
FN:197,sanitize
FN:211,bindModel
FN:230,optionCollector
FN:260,init
FNF:21
FNH:19
FNDA:1,Object.<anonymous>
FNDA:1,<static_fields_initializer>
FNDA:1,RouteRegistry
FNDA:1,collector
FNDA:1,pushRoutes
FNDA:5,readExemptions
FNDA:5,activateRoutes
FNDA:5,checkGwExceptions
FNDA:5,validateController
FNDA:10,validateEndpoint
FNDA:20,validPathStartString
FNDA:5,registerRoute
FNDA:5,assignMiddleware
FNDA:5,assignController
FNDA:3,use
FNDA:3,apply
FNDA:0,handleError
FNDA:0,sanitize
FNDA:3,bindModel
FNDA:5,optionCollector
FNDA:2,init
DA:1,1
DA:2,1
DA:3,1
DA:4,1
DA:5,1
DA:6,1
DA:7,1
DA:8,1
DA:9,1
DA:10,1
DA:11,1
DA:12,1
DA:13,1
DA:14,1
DA:15,1
DA:16,1
DA:17,1
DA:18,1
DA:19,1
DA:20,1
DA:21,1
DA:22,1
DA:23,1
DA:24,1
DA:25,1
DA:26,1
DA:27,1
DA:28,1
DA:29,1
DA:30,1
DA:31,1
DA:32,1
DA:33,1
DA:34,1
DA:35,1
DA:36,1
DA:37,1
DA:38,1
DA:39,1
DA:40,1
DA:41,1
DA:42,5
DA:43,5
DA:44,1
DA:45,1
DA:46,1
DA:47,1
DA:48,1
DA:49,1
DA:50,5
DA:51,5
DA:52,1
DA:53,1
DA:54,1
DA:55,1
DA:56,5
DA:57,5
DA:58,0
DA:59,0
DA:60,5
DA:61,5
DA:62,1
DA:63,1
DA:64,5
DA:65,5
DA:66,5
DA:67,5
DA:68,5
DA:69,5
DA:70,5
DA:71,5
DA:72,5
DA:73,5
DA:74,5
DA:75,5
DA:76,5
DA:77,5
DA:78,5
DA:79,5
DA:80,5
DA:81,5
DA:82,5
DA:83,5
DA:84,5
DA:85,5
DA:86,5
DA:87,5
DA:88,1
DA:89,1
DA:90,5
DA:91,5
DA:92,5
DA:93,5
DA:94,5
DA:95,1
DA:96,1
DA:97,5
DA:98,0
DA:99,0
DA:100,5
DA:101,1
DA:102,1
DA:103,10
DA:104,10
DA:105,10
DA:106,10
DA:107,10
DA:108,10
DA:109,10
DA:110,1
DA:111,1
DA:112,1
DA:113,20
DA:114,20
DA:115,20
DA:116,1
DA:117,1
DA:118,1
DA:119,1
DA:120,1
DA:121,1
DA:122,5
DA:123,5
DA:124,5
DA:125,5
DA:126,5
DA:127,5
DA:128,5
DA:129,5
DA:130,5
DA:131,5
DA:132,5
DA:133,5
DA:134,5
DA:135,5
DA:136,1
DA:137,1
DA:138,1
DA:139,1
DA:140,1
DA:141,1
DA:142,1
DA:143,5
DA:144,5
DA:145,8
DA:146,8
DA:147,8
DA:148,5
DA:149,5
DA:150,5
DA:151,1
DA:152,1
DA:153,1
DA:154,1
DA:155,1
DA:156,1
DA:157,5
DA:158,3
DA:159,3
DA:160,3
DA:161,3
DA:162,3
DA:163,3
DA:164,3
DA:165,3
DA:166,3
DA:167,3
DA:168,3
DA:169,3
DA:170,0
DA:171,0
DA:172,0
DA:173,0
DA:174,0
DA:175,0
DA:176,0
DA:177,0
DA:178,0
DA:179,0
DA:180,0
DA:181,0
DA:182,5
DA:183,5
DA:184,5
DA:185,1
DA:186,1
DA:187,1
DA:188,1
DA:189,1
DA:190,1
DA:191,1
DA:192,0
DA:193,0
DA:194,0
DA:195,0
DA:196,1
DA:197,1
DA:198,0
DA:199,0
DA:200,0
DA:201,0
DA:202,0
DA:203,0
DA:204,0
DA:205,1
DA:206,1
DA:207,1
DA:208,1
DA:209,1
DA:210,1
DA:211,1
DA:212,3
DA:213,3
DA:214,3
DA:215,6
DA:216,6
DA:217,0
DA:218,6
DA:219,6
DA:220,6
DA:221,3
DA:222,3
DA:223,3
DA:224,1
DA:225,1
DA:226,1
DA:227,1
DA:228,1
DA:229,1
DA:230,1
DA:231,5
DA:232,5
DA:233,13
DA:234,0
DA:235,0
DA:236,13
DA:237,13
DA:238,13
DA:239,13
DA:240,13
DA:241,13
DA:242,0
DA:243,0
DA:244,0
DA:245,0
DA:246,0
DA:247,0
DA:248,0
DA:249,0
DA:250,0
DA:251,0
DA:252,5
DA:253,5
DA:254,1
DA:255,1
DA:256,1
DA:257,1
DA:258,1
DA:259,1
DA:260,1
DA:261,2
DA:262,2
DA:263,2
DA:264,2
DA:265,2
DA:266,1
DA:267,1
DA:268,1
LF:268
LH:228
BRDA:1,0,0,1
BRDA:1,1,0,1
BRDA:10,2,0,1
BRDA:15,3,0,1
BRDA:23,4,0,0
BRDA:28,5,0,1
BRDA:29,6,0,0
BRDA:41,7,0,5
BRDA:48,8,0,1
BRDA:49,9,0,5
BRDA:55,10,0,5
BRDA:63,11,0,5
BRDA:69,12,0,0
BRDA:77,13,0,8
BRDA:89,14,0,5
BRDA:93,15,0,0
BRDA:93,16,0,0
BRDA:91,17,0,10
BRDA:91,18,0,0
BRDA:96,19,0,5
BRDA:97,20,0,0
BRDA:102,21,0,10
BRDA:112,22,0,20
BRDA:113,23,0,5
BRDA:121,24,0,5
BRDA:129,25,0,50
BRDA:130,26,0,15
BRDA:142,27,0,5
BRDA:144,28,0,8
BRDA:145,29,0,0
BRDA:156,30,0,5
BRDA:157,31,0,3
BRDA:169,32,0,0
BRDA:161,33,0,3
BRDA:162,34,0,3
BRDA:211,35,0,3
BRDA:214,36,0,6
BRDA:216,37,0,0
BRDA:230,38,0,5
BRDA:231,39,0,0
BRDA:232,40,0,13
BRDA:233,41,0,0
BRDA:238,42,0,5
BRDA:241,43,0,0
BRDA:260,44,0,2
BRF:45
BRH:32
end_of_record
TN:
SF:package\framework\chasi\Routing\Router.js
FN:1,Object.<anonymous>
FN:7,<static_fields_initializer>
FN:10,Router
FN:18,setProperty
FN:29,setRouteManager
FN:36,loadRoutes
FN:42,init
FNF:7
FNH:7
FNDA:1,Object.<anonymous>
FNDA:1,<static_fields_initializer>
FNDA:1,Router
FNDA:1,setProperty
FNDA:1,setRouteManager
FNDA:1,loadRoutes
FNDA:2,init
DA:1,1
DA:2,1
DA:3,1
DA:4,1
DA:5,1
DA:6,1
DA:7,1
DA:8,1
DA:9,1
DA:10,1
DA:11,1
DA:12,1
DA:13,1
DA:14,1
DA:15,1
DA:16,1
DA:17,1
DA:18,1
DA:19,1
DA:20,1
DA:21,1
DA:22,1
DA:23,1
DA:24,1
DA:25,1
DA:26,1
DA:27,1
DA:28,1
DA:29,1
DA:30,1
DA:31,1
DA:32,1
DA:33,1
DA:34,1
DA:35,1
DA:36,1
DA:37,1
DA:38,1
DA:39,1
DA:40,1
DA:41,1
DA:42,1
DA:43,2
DA:44,2
DA:45,2
DA:46,2
DA:47,2
DA:48,2
DA:49,1
DA:50,1
DA:51,1
LF:51
LH:51
BRDA:1,0,0,1
BRDA:1,1,0,1
BRDA:7,2,0,1
BRDA:10,3,0,1
BRDA:18,4,0,1
BRDA:29,5,0,1
BRDA:36,6,0,1
BRDA:42,7,0,2
BRF:8
BRH:8
end_of_record
TN:
SF:package\framework\chasi\adapters\ServiceAdapter.js
FN:1,Object.<anonymous>
FN:3,<static_fields_initializer>
FN:6,ServiceAdapter
FN:13,autoload
FN:23,callStaticBoot
FNF:5
FNH:5
FNDA:1,Object.<anonymous>
FNDA:1,<static_fields_initializer>
FNDA:1,ServiceAdapter
FNDA:1,autoload
FNDA:1,callStaticBoot
DA:1,1
DA:2,1
DA:3,1
DA:4,1
DA:5,1
DA:6,1
DA:7,1
DA:8,1
DA:9,1
DA:10,1
DA:11,1
DA:12,1
DA:13,1
DA:14,1
DA:15,1
DA:16,5
DA:17,5
DA:18,1
DA:19,1
DA:20,1
DA:21,1
DA:22,1
DA:23,1
DA:24,1
DA:25,5
DA:26,5
DA:27,5
DA:28,0
DA:29,0
DA:30,1
DA:31,1
DA:32,1
DA:33,1
DA:34,1
DA:35,1
LF:35
LH:33
BRDA:1,0,0,1
BRDA:1,1,0,1
BRDA:3,2,0,1
BRDA:4,3,0,0
BRDA:6,4,0,1
BRDA:13,5,0,1
BRDA:14,6,0,0
BRDA:19,7,0,0
BRDA:15,8,0,5
BRDA:17,9,0,0
BRDA:23,10,0,1
BRDA:24,11,0,5
BRDA:27,12,0,0
BRF:13
BRH:8
end_of_record
TN:
SF:package\framework\chasi\adapters\SocketAdapters.js
FN:1,Object.<anonymous>
FN:2,<static_fields_initializer>
FN:5,setIo
FNF:3
FNH:3
FNDA:1,Object.<anonymous>
FNDA:1,<static_fields_initializer>
FNDA:1,setIo
DA:1,1
DA:2,1
DA:3,1
DA:4,1
DA:5,1
DA:6,1
DA:7,1
DA:8,1
DA:9,1
DA:10,1
LF:10
LH:10
BRDA:1,0,0,1
BRDA:1,1,0,1
BRDA:2,2,0,1
BRDA:5,3,0,1
BRF:4
BRH:4
end_of_record
TN:
SF:package\framework\chasi\adapters\adapters.js
FN:1,Object.<anonymous>
FN:4,<static_fields_initializer>
FN:5,Adapter
FN:9,getService
FNF:4
FNH:3
FNDA:1,Object.<anonymous>
FNDA:1,<static_fields_initializer>
FNDA:1,Adapter
FNDA:0,getService
DA:1,1
DA:2,1
DA:3,1
DA:4,1
DA:5,1
DA:6,1
DA:7,1
DA:8,1
DA:9,1
DA:10,0
DA:11,0
DA:12,1
DA:13,1
DA:14,1
LF:14
LH:12
BRDA:1,0,0,1
BRDA:1,1,0,1
BRDA:4,2,0,1
BRDA:5,3,0,1
BRF:4
BRH:4
end_of_record
TN:
SF:package\framework\error\ErrorHandler.js
FN:1,Object.<anonymous>
FN:4,<static_fields_initializer>
FN:18,ErrorHandler
FN:23,exception
FN:35,takeAction
FN:39,pushToError
FN:43,pushStaticError
FN:48,tail
FNF:8
FNH:6
FNDA:1,Object.<anonymous>
FNDA:1,<static_fields_initializer>
FNDA:33,ErrorHandler
FNDA:1,exception
FNDA:1,takeAction
FNDA:0,pushToError
FNDA:0,pushStaticError
FNDA:1,tail
DA:1,1
DA:2,1
DA:3,1
DA:4,1
DA:5,1
DA:6,1
DA:7,1
DA:8,1
DA:9,1
DA:10,1
DA:11,1
DA:12,1
DA:13,1
DA:14,1
DA:15,1
DA:16,1
DA:17,1
DA:18,1
DA:19,33
DA:20,33
DA:21,33
DA:22,1
DA:23,1
DA:24,1
DA:25,1
DA:26,1
DA:27,1
DA:28,1
DA:29,1
DA:30,0
DA:31,0
DA:32,1
DA:33,1
DA:34,1
DA:35,1
DA:36,1
DA:37,1
DA:38,1
DA:39,1
DA:40,0
DA:41,0
DA:42,1
DA:43,1
DA:44,0
DA:45,0
DA:46,0
DA:47,1
DA:48,1
DA:49,1
DA:50,1
DA:51,1
DA:52,1
DA:53,1
DA:54,0
DA:55,1
DA:56,1
DA:57,1
DA:58,1
DA:59,1
LF:59
LH:51
BRDA:1,0,0,1
BRDA:1,1,0,1
BRDA:4,2,0,1
BRDA:18,3,0,33
BRDA:23,4,0,1
BRDA:29,5,0,0
BRDA:35,6,0,1
BRDA:48,7,0,1
BRF:8
BRH:7
end_of_record
TN:
SF:package\framework\error\Exception.js
FN:1,Object.<anonymous>
FN:4,<static_fields_initializer>
FN:17,Exception
FN:25,LogErrorMessage
FN:29,#constructMessage
FN:47,executeError
FN:58,#invokeBeakScript
FN:66,#invokeStopScript
FN:74,#invokeStopOperation
FN:82,toJson
FN:90,logMessage
FN:94,initializeException
FNF:12
FNH:5
FNDA:1,Object.<anonymous>
FNDA:1,<static_fields_initializer>
FNDA:1,Exception
FNDA:0,LogErrorMessage
FNDA:0,#constructMessage
FNDA:1,executeError
FNDA:0,#invokeBeakScript
FNDA:0,#invokeStopScript
FNDA:0,#invokeStopOperation
FNDA:0,toJson
FNDA:0,logMessage
FNDA:33,initializeException
DA:1,1
DA:2,1
DA:3,1
DA:4,1
DA:5,1
DA:6,1
DA:7,1
DA:8,1
DA:9,1
DA:10,1
DA:11,1
DA:12,1
DA:13,1
DA:14,1
DA:15,1
DA:16,1
DA:17,1
DA:18,1
DA:19,1
DA:20,1
DA:21,1
DA:22,1
DA:23,1
DA:24,1
DA:25,1
DA:26,0
DA:27,0
DA:28,1
DA:29,1
DA:30,0
DA:31,0
DA:32,0
DA:33,0
DA:34,0
DA:35,0
DA:36,0
DA:37,0
DA:38,0
DA:39,0
DA:40,0
DA:41,0
DA:42,0
DA:43,0
DA:44,0
DA:45,0
DA:46,1
DA:47,1
DA:48,1
DA:49,1
DA:50,1
DA:51,1
DA:52,1
DA:53,1
DA:54,1
DA:55,1
DA:56,1
DA:57,1
DA:58,1
DA:59,0
DA:60,0
DA:61,0
DA:62,0
DA:63,0
DA:64,0
DA:65,1
DA:66,1
DA:67,0
DA:68,0
DA:69,0
DA:70,0
DA:71,0
DA:72,0
DA:73,1
DA:74,1
DA:75,0
DA:76,0
DA:77,0
DA:78,0
DA:79,0
DA:80,1
DA:81,1
DA:82,1
DA:83,0
DA:84,0
DA:85,0
DA:86,0
DA:87,0
DA:88,0
DA:89,1
DA:90,1
DA:91,0
DA:92,0
DA:93,1
DA:94,1
DA:95,33
DA:96,33
DA:97,1
DA:98,1
DA:99,1
LF:99
LH:56
BRDA:1,0,0,1
BRDA:1,1,0,1
BRDA:4,2,0,1
BRDA:17,3,0,1
BRDA:47,4,0,1
BRDA:49,5,0,0
BRDA:51,6,0,0
BRDA:52,7,0,0
BRDA:53,8,0,0
BRDA:54,9,0,0
BRDA:94,10,0,33
BRF:11
BRH:6
end_of_record
TN:
SF:package\framework\exec\server.js
FN:1,Object.<anonymous>
FN:4,<static_fields_initializer>
FN:7,ServerWrap
FN:13,loadProtocol
FN:20,install
FN:33,getFileSync
FN:37,initialize
FNF:7
FNH:6
FNDA:1,Object.<anonymous>
FNDA:1,<static_fields_initializer>
FNDA:1,ServerWrap
FNDA:1,loadProtocol
FNDA:1,install
FNDA:0,getFileSync
FNDA:1,initialize
DA:1,1
DA:2,1
DA:3,1
DA:4,1
DA:5,1
DA:6,1
DA:7,1
DA:8,1
DA:9,1
DA:10,1
DA:11,1
DA:12,1
DA:13,1
DA:14,1
DA:15,1
DA:16,1
DA:17,1
DA:18,1
DA:19,1
DA:20,1
DA:21,1
DA:22,0
DA:23,0
DA:24,0
DA:25,0
DA:26,1
DA:27,1
DA:28,1
DA:29,1
DA:30,1
DA:31,1
DA:32,1
DA:33,1
DA:34,0
DA:35,0
DA:36,1
DA:37,1
DA:38,1
DA:39,1
DA:40,1
DA:41,1
DA:42,1
DA:43,1
DA:44,1
LF:44
LH:38
BRDA:1,0,0,1
BRDA:1,1,0,1
BRDA:4,2,0,1
BRDA:7,3,0,1
BRDA:13,4,0,1
BRDA:15,5,0,0
BRDA:20,6,0,1
BRDA:21,7,0,0
BRDA:37,8,0,1
BRF:9
BRH:7
end_of_record
TN:
SF:package\framework\exec\socket.js
FN:1,Object.<anonymous>
FN:2,<static_fields_initializer>
FN:7,SocketWrapper
FN:11,init
FNF:4
FNH:2
FNDA:1,Object.<anonymous>
FNDA:1,<static_fields_initializer>
FNDA:0,SocketWrapper
FNDA:0,init
DA:1,1
DA:2,1
DA:3,1
DA:4,1
DA:5,1
DA:6,1
DA:7,1
DA:8,0
DA:9,0
DA:10,1
DA:11,1
DA:12,0
DA:13,0
DA:14,0
DA:15,0
DA:16,0
DA:17,0
DA:18,0
DA:19,1
DA:20,1
DA:21,1
LF:21
LH:12
BRDA:1,0,0,1
BRDA:1,1,0,1
BRDA:2,2,0,1
BRF:3
BRH:3
end_of_record
TN:
SF:package\framework\frontload\index.js
FN:1,Object.<anonymous>
FN:2,<static_fields_initializer>
FN:5,framework
FN:12,callstack
FN:23,#bootStack
FN:34,#bootup
FN:46,loadStaticProperty
FNF:7
FNH:7
FNDA:1,Object.<anonymous>
FNDA:1,<static_fields_initializer>
FNDA:1,framework
FNDA:1,callstack
FNDA:1,#bootStack
FNDA:1,#bootup
FNDA:1,loadStaticProperty
DA:1,1
DA:2,1
DA:3,1
DA:4,1
DA:5,1
DA:6,1
DA:7,1
DA:8,1
DA:9,1
DA:10,1
DA:11,1
DA:12,1
DA:13,1
DA:14,3
DA:15,3
DA:16,2
DA:17,2
DA:18,1
DA:19,1
DA:20,1
DA:21,1
DA:22,1
DA:23,1
DA:24,1
DA:25,2
DA:26,2
DA:27,2
DA:28,0
DA:29,0
DA:30,1
DA:31,1
DA:32,1
DA:33,1
DA:34,1
DA:35,1
DA:36,2
DA:37,2
DA:38,2
DA:39,0
DA:40,0
DA:41,0
DA:42,1
DA:43,1
DA:44,1
DA:45,1
DA:46,1
DA:47,1
DA:48,1
DA:49,1
DA:50,1
DA:51,1
DA:52,1
LF:52
LH:47
BRDA:1,0,0,1
BRDA:1,1,0,1
BRDA:2,2,0,1
BRDA:5,3,0,1
BRDA:12,4,0,1
BRDA:13,5,0,3
BRDA:15,6,0,2
BRDA:23,7,0,1
BRDA:24,8,0,2
BRDA:27,9,0,0
BRDA:34,10,0,1
BRDA:35,11,0,2
BRDA:38,12,0,0
BRDA:46,13,0,1
BRF:14
BRH:12
end_of_record
TN:
SF:package\framework\frontload\app\index.js
FN:2,Object.<anonymous>
FN:4,<static_fields_initializer>
FN:7,ServerWrapper
FN:13,middleware
FN:17,init
FN:26,bootstrap
FNF:6
FNH:6
FNDA:1,Object.<anonymous>
FNDA:1,<static_fields_initializer>
FNDA:1,ServerWrapper
FNDA:1,middleware
FNDA:1,init
FNDA:1,bootstrap
DA:1,1
DA:2,1
DA:3,1
DA:4,1
DA:5,1
DA:6,1
DA:7,1
DA:8,1
DA:9,1
DA:10,1
DA:11,1
DA:12,1
DA:13,1
DA:14,1
DA:15,1
DA:16,1
DA:17,1
DA:18,1
DA:19,1
DA:20,1
DA:21,1
DA:22,0
DA:23,1
DA:24,1
DA:25,1
DA:26,1
DA:27,1
DA:28,1
DA:29,1
DA:30,1
DA:31,1
DA:32,1
DA:33,1
DA:34,1
DA:35,1
LF:35
LH:34
BRDA:2,0,0,1
BRDA:2,1,0,1
BRDA:4,2,0,1
BRDA:7,3,0,1
BRDA:13,4,0,1
BRDA:17,5,0,1
BRDA:22,6,0,0
BRDA:26,7,0,1
BRDA:32,8,0,1
BRF:9
BRH:8
end_of_record
TN:
SF:package\framework\frontload\database\index.js
FN:1,Object.<anonymous>
FN:7,<static_fields_initializer>
FN:10,DBWrapper
FN:24,middleware
FN:28,parseRemoteString
FN:41,init
FN:49,hideStrings
FN:63,connect
FN:84,connectAll
FN:94,bootstrap
FN:99,beforeInit
FNF:11
FNH:11
FNDA:1,Object.<anonymous>
FNDA:1,<static_fields_initializer>
FNDA:1,DBWrapper
FNDA:1,middleware
FNDA:3,parseRemoteString
FNDA:1,init
FNDA:3,hideStrings
FNDA:3,connect
FNDA:1,connectAll
FNDA:1,bootstrap
FNDA:1,beforeInit
DA:1,1
DA:2,1
DA:3,1
DA:4,1
DA:5,1
DA:6,1
DA:7,1
DA:8,1
DA:9,1
DA:10,1
DA:11,1
DA:12,1
DA:13,1
DA:14,1
DA:15,1
DA:16,1
DA:17,0
DA:18,0
DA:19,1
DA:20,1
DA:21,1
DA:22,1
DA:23,1
DA:24,1
DA:25,1
DA:26,1
DA:27,1
DA:28,1
DA:29,3
DA:30,3
DA:31,3
DA:32,1
DA:33,1
DA:34,3
DA:35,3
DA:36,0
DA:37,0
DA:38,3
DA:39,3
DA:40,1
DA:41,1
DA:42,1
DA:43,1
DA:44,1
DA:45,0
DA:46,0
DA:47,1
DA:48,1
DA:49,1
DA:50,3
DA:51,3
DA:52,3
DA:53,3
DA:54,3
DA:55,3
DA:56,3
DA:57,3
DA:58,3
DA:59,3
DA:60,3
DA:61,3
DA:62,1
DA:63,1
DA:64,3
DA:65,3
DA:66,3
DA:67,3
DA:68,3
DA:69,3
DA:70,3
DA:71,0
DA:72,0
DA:73,3
DA:74,3
DA:75,0
DA:76,0
DA:77,0
DA:78,0
DA:79,0
DA:80,0
DA:81,3
DA:82,3
DA:83,1
DA:84,1
DA:85,1
DA:86,3
DA:87,3
DA:88,0
DA:89,1
DA:90,1
DA:91,1
DA:92,1
DA:93,1
DA:94,1
DA:95,1
DA:96,1
DA:97,1
DA:98,1
DA:99,1
DA:100,1
DA:101,1
DA:102,3
DA:103,6
DA:104,0
DA:105,0
DA:106,3
DA:107,1
DA:108,1
DA:109,1
DA:110,1
DA:111,1
DA:112,1
DA:113,1
DA:114,1
LF:114
LH:97
BRDA:1,0,0,1
BRDA:1,1,0,1
BRDA:7,2,0,1
BRDA:10,3,0,1
BRDA:16,4,0,0
BRDA:24,5,0,1
BRDA:28,6,0,3
BRDA:31,7,0,1
BRDA:35,8,0,0
BRDA:41,9,0,1
BRDA:44,10,0,0
BRDA:49,11,0,3
BRDA:63,12,0,3
BRDA:74,13,0,0
BRDA:66,14,0,3
BRDA:84,15,0,1
BRDA:85,16,0,3
BRDA:88,17,0,0
BRDA:94,18,0,1
BRDA:99,19,0,1
BRDA:101,20,0,3
BRDA:102,21,0,6
BRDA:103,22,0,0
BRDA:110,23,0,1
BRF:24
BRH:18
end_of_record
TN:
SF:package\framework\storage\session.js
FN:1,Object.<anonymous>
FN:8,<static_fields_initializer>
FN:20,create
FN:31,storageRegistry
FN:35,setConstructorMapping
FN:44,mapConstructor
FN:54,fetch
FN:66,find
FN:71,CLEARSESSION
FN:75,add
FN:85,debug
FN:89,init
FNF:12
FNH:6
FNDA:1,Object.<anonymous>
FNDA:1,<static_fields_initializer>
FNDA:1,create
FNDA:1,storageRegistry
FNDA:1,setConstructorMapping
FNDA:0,mapConstructor
FNDA:0,fetch
FNDA:0,find
FNDA:0,CLEARSESSION
FNDA:0,add
FNDA:0,debug
FNDA:1,init
DA:1,1
DA:2,1
DA:3,1
DA:4,1
DA:5,1
DA:6,1
DA:7,1
DA:8,1
DA:9,1
DA:10,1
DA:11,1
DA:12,1
DA:13,1
DA:14,1
DA:15,1
DA:16,1
DA:17,1
DA:18,1
DA:19,1
DA:20,1
DA:21,1
DA:22,0
DA:23,1
DA:24,1
DA:25,1
DA:26,1
DA:27,1
DA:28,1
DA:29,1
DA:30,1
DA:31,1
DA:32,1
DA:33,1
DA:34,1
DA:35,1
DA:36,1
DA:37,1
DA:38,1
DA:39,1
DA:40,1
DA:41,1
DA:42,1
DA:43,1
DA:44,1
DA:45,0
DA:46,0
DA:47,0
DA:48,0
DA:49,0
DA:50,0
DA:51,0
DA:52,0
DA:53,1
DA:54,1
DA:55,0
DA:56,0
DA:57,0
DA:58,0
DA:59,0
DA:60,0
DA:61,0
DA:62,0
DA:63,0
DA:64,0
DA:65,1
DA:66,1
DA:67,0
DA:68,0
DA:69,0
DA:70,1
DA:71,1
DA:72,0
DA:73,0
DA:74,1
DA:75,1
DA:76,0
DA:77,0
DA:78,0
DA:79,0
DA:80,0
DA:81,0
DA:82,0
DA:83,0
DA:84,1
DA:85,1
DA:86,0
DA:87,0
DA:88,1
DA:89,1
DA:90,1
DA:91,1
DA:92,1
DA:93,1
DA:94,1
DA:95,1
DA:96,1
DA:97,1
DA:98,1
DA:99,1
LF:99
LH:65
BRDA:1,0,0,1
BRDA:1,1,0,1
BRDA:8,2,0,1
BRDA:20,3,0,1
BRDA:21,4,0,0
BRDA:31,5,0,1
BRDA:35,6,0,1
BRDA:36,7,0,0
BRDA:37,8,0,1
BRDA:38,9,0,0
BRDA:89,10,0,1
BRDA:91,11,0,1
BRF:12
BRH:9
end_of_record
TN:
SF:package\observer\index.js
FN:1,Object.<anonymous>
FN:12,<static_fields_initializer>
FN:14,Observer
FN:27,getEvents
FN:54,watch
FN:79,proxyEvent
FN:81,get
FN:92,init
FNF:8
FNH:7
FNDA:1,Object.<anonymous>
FNDA:1,<static_fields_initializer>
FNDA:1,Observer
FNDA:1,getEvents
FNDA:3,watch
FNDA:3,proxyEvent
FNDA:0,get
FNDA:1,init
DA:1,1
DA:2,1
DA:3,1
DA:4,1
DA:5,1
DA:6,1
DA:7,1
DA:8,1
DA:9,1
DA:10,1
DA:11,1
DA:12,1
DA:13,1
DA:14,1
DA:15,1
DA:16,1
DA:17,1
DA:18,1
DA:19,1
DA:20,1
DA:21,1
DA:22,1
DA:23,1
DA:24,1
DA:25,1
DA:26,1
DA:27,1
DA:28,1
DA:29,3
DA:30,3
DA:31,3
DA:32,3
DA:33,3
DA:34,3
DA:35,3
DA:36,3
DA:37,3
DA:38,3
DA:39,3
DA:40,3
DA:41,3
DA:42,3
DA:43,3
DA:44,1
DA:45,0
DA:46,1
DA:47,1
DA:48,1
DA:49,1
DA:50,1
DA:51,1
DA:52,1
DA:53,1
DA:54,1
DA:55,3
DA:56,0
DA:57,0
DA:58,0
DA:59,0
DA:60,0
DA:61,0
DA:62,0
DA:63,0
DA:64,0
DA:65,0
DA:66,0
DA:67,0
DA:68,3
DA:69,3
DA:70,1
DA:71,1
DA:72,1
DA:73,1
DA:74,1
DA:75,1
DA:76,1
DA:77,1
DA:78,1
DA:79,1
DA:80,3
DA:81,3
DA:82,0
DA:83,0
DA:84,3
DA:85,3
DA:86,1
DA:87,1
DA:88,1
DA:89,1
DA:90,1
DA:91,1
DA:92,1
DA:93,1
DA:94,1
DA:95,1
DA:96,1
DA:97,1
DA:98,1
DA:99,1
DA:100,1
DA:101,1
LF:101
LH:86
BRDA:1,0,0,1
BRDA:1,1,0,1
BRDA:12,2,0,1
BRDA:14,3,0,1
BRDA:27,4,0,1
BRDA:28,5,0,3
BRDA:35,6,0,0
BRDA:54,7,0,3
BRDA:79,8,0,3
BRDA:92,9,0,1
BRF:10
BRH:9
end_of_record
TN:
SF:package\observer\registry.js
FN:1,Object.<anonymous>
FN:7,registerPath
FN:18,assignEvent
FNF:3
FNH:2
FNDA:1,Object.<anonymous>
FNDA:0,registerPath
FNDA:3,assignEvent
DA:1,1
DA:2,1
DA:3,1
DA:4,1
DA:5,1
DA:6,1
DA:7,1
DA:8,0
DA:9,0
DA:10,0
DA:11,0
DA:12,0
DA:13,0
DA:14,0
DA:15,0
DA:16,0
DA:17,1
DA:18,1
DA:19,3
DA:20,3
DA:21,1
DA:22,1
DA:23,1
DA:24,1
LF:24
LH:15
BRDA:1,0,0,1
BRDA:1,1,0,1
BRDA:18,2,0,3
BRF:3
BRH:3
end_of_record
TN:
SF:package\statics\Adapter.js
FN:1,Object.<anonymous>
FN:7,<static_fields_initializer>
FN:10,init
FN:15,getConnection
FN:25,model
FNF:5
FNH:4
FNDA:1,Object.<anonymous>
FNDA:1,<static_fields_initializer>
FNDA:1,init
FNDA:2,getConnection
FNDA:0,model
DA:1,1
DA:2,1
DA:3,1
DA:4,1
DA:5,1
DA:6,1
DA:7,1
DA:8,1
DA:9,1
DA:10,1
DA:11,1
DA:12,1
DA:13,1
DA:14,1
DA:15,1
DA:16,2
DA:17,2
DA:18,2
DA:19,2
DA:20,2
DA:21,2
DA:22,2
DA:23,0
DA:24,0
DA:25,0
DA:26,0
DA:27,0
DA:28,0
DA:29,0
DA:30,0
DA:31,0
DA:32,0
DA:33,0
DA:34,0
DA:35,0
DA:36,0
DA:37,0
DA:38,2
DA:39,0
DA:40,0
DA:41,2
DA:42,1
LF:42
LH:25
BRDA:1,0,0,1
BRDA:1,1,0,1
BRDA:7,2,0,1
BRDA:10,3,0,1
BRDA:15,4,0,2
BRDA:22,5,0,0
BRDA:38,6,0,0
BRF:7
BRH:5
end_of_record
TN:
SF:package\statics\Controller.js
FN:1,Object.<anonymous>
FN:8,<static_fields_initializer>
FN:35,get compiler
FN:39,get next
FN:43,get $config
FN:47,get models
FN:51,get packages
FN:55,get $io
FN:59,get $observer
FN:63,get services
FN:75,model
FN:79,init
FN:86,installServices
FN:90,bindViewInstance
FN:94,bindCompilerInstance
FNF:15
FNH:8
FNDA:1,Object.<anonymous>
FNDA:1,<static_fields_initializer>
FNDA:0,get compiler
FNDA:0,get next
FNDA:0,get $config
FNDA:2,get models
FNDA:0,get packages
FNDA:0,get $io
FNDA:1,get $observer
FNDA:4,get services
FNDA:6,model
FNDA:1,init
FNDA:1,installServices
FNDA:0,bindViewInstance
FNDA:0,bindCompilerInstance
DA:1,1
DA:2,1
DA:3,1
DA:4,1
DA:5,1
DA:6,1
DA:7,1
DA:8,1
DA:9,1
DA:10,1
DA:11,1
DA:12,1
DA:13,1
DA:14,1
DA:15,1
DA:16,1
DA:17,1
DA:18,1
DA:19,1
DA:20,1
DA:21,1
DA:22,1
DA:23,1
DA:24,1
DA:25,1
DA:26,1
DA:27,1
DA:28,1
DA:29,1
DA:30,1
DA:31,1
DA:32,1
DA:33,1
DA:34,1
DA:35,1
DA:36,0
DA:37,0
DA:38,1
DA:39,1
DA:40,0
DA:41,0
DA:42,1
DA:43,1
DA:44,0
DA:45,0
DA:46,1
DA:47,1
DA:48,2
DA:49,2
DA:50,1
DA:51,1
DA:52,0
DA:53,0
DA:54,1
DA:55,1
DA:56,0
DA:57,0
DA:58,1
DA:59,1
DA:60,1
DA:61,1
DA:62,1
DA:63,1
DA:64,4
DA:65,4
DA:66,1
DA:67,1
DA:68,1
DA:69,1
DA:70,1
DA:71,1
DA:72,1
DA:73,1
DA:74,1
DA:75,1
DA:76,6
DA:77,6
DA:78,1
DA:79,1
DA:80,1
DA:81,1
DA:82,1
DA:83,1
DA:84,1
DA:85,1
DA:86,1
DA:87,1
DA:88,1
DA:89,1
DA:90,1
DA:91,0
DA:92,0
DA:93,1
DA:94,1
DA:95,0
DA:96,0
DA:97,1
LF:97
LH:83
BRDA:1,0,0,1
BRDA:1,1,0,1
BRDA:8,2,0,1
BRDA:47,3,0,2
BRDA:59,4,0,1
BRDA:63,5,0,4
BRDA:75,6,0,6
BRDA:79,7,0,1
BRDA:86,8,0,1
BRF:9
BRH:9
end_of_record
TN:
SF:package\statics\Event.js
FN:1,Object.<anonymous>
FN:10,emitted
FNF:2
FNH:1
FNDA:1,Object.<anonymous>
FNDA:0,emitted
DA:1,1
DA:2,1
DA:3,1
DA:4,1
DA:5,1
DA:6,1
DA:7,1
DA:8,1
DA:9,1
DA:10,1
DA:11,0
DA:12,0
DA:13,1
DA:14,1
DA:15,1
LF:15
LH:13
BRDA:1,0,0,1
BRDA:1,1,0,1
BRF:2
BRH:2
end_of_record
TN:
SF:package\statics\Middlewares.js
FN:1,Object.<anonymous>
FN:11,<static_fields_initializer>
FN:20,assignMiddlewares
FNF:3
FNH:3
FNDA:1,Object.<anonymous>
FNDA:1,<static_fields_initializer>
FNDA:1,assignMiddlewares
DA:1,1
DA:2,1
DA:3,1
DA:4,1
DA:5,1
DA:6,1
DA:7,1
DA:8,1
DA:9,1
DA:10,1
DA:11,1
DA:12,1
DA:13,1
DA:14,1
DA:15,1
DA:16,1
DA:17,1
DA:18,1
DA:19,1
DA:20,1
DA:21,1
DA:22,1
DA:23,3
DA:24,3
DA:25,1
DA:26,1
DA:27,0
DA:28,0
DA:29,1
DA:30,1
LF:30
LH:28
BRDA:1,0,0,1
BRDA:1,1,0,1
BRDA:11,2,0,1
BRDA:20,3,0,1
BRDA:26,4,0,0
BRDA:22,5,0,3
BRF:6
BRH:5
end_of_record
TN:
SF:package\statics\Models.js
FN:1,Object.<anonymous>
FN:12,<static_fields_initializer>
FN:21,assignModels
FNF:3
FNH:3
FNDA:1,Object.<anonymous>
FNDA:1,<static_fields_initializer>
FNDA:1,assignModels
DA:1,1
DA:2,1
DA:3,1
DA:4,1
DA:5,1
DA:6,1
DA:7,1
DA:8,1
DA:9,1
DA:10,1
DA:11,1
DA:12,1
DA:13,1
DA:14,1
DA:15,1
DA:16,1
DA:17,1
DA:18,1
DA:19,1
DA:20,1
DA:21,1
DA:22,1
DA:23,1
DA:24,1
DA:25,1
DA:26,1
DA:27,2
DA:28,0
DA:29,0
DA:30,2
DA:31,2
DA:32,2
DA:33,1
DA:34,1
DA:35,1
DA:36,0
DA:37,0
DA:38,0
DA:39,1
DA:40,1
LF:40
LH:35
BRDA:1,0,0,1
BRDA:1,1,0,1
BRDA:12,2,0,1
BRDA:21,3,0,1
BRDA:35,4,0,0
BRDA:24,5,0,1
BRDA:26,6,0,2
BRDA:27,7,0,0
BRDA:31,8,0,0
BRF:9
BRH:6
end_of_record
